2022-11-22 11:23:07,668 [INFO] Activator:177 - 


2022-11-22 11:23:07,668 [INFO] Activator:178 - !SESSION log4j initialized
2022-11-22 11:23:16,252 [INFO] McuFinderGlobals:44 - Set McuFinder mode to 2 (CubeIDE integrated)
2022-11-22 11:23:17,424 [INFO] ApplicationProperties:181 - Using Application install path: C:\ST\STM32CubeIDE_1.10.1\STM32CubeIDE\plugins\com.st.stm32cube.common.mx_6.6.1.202207061420
2022-11-22 11:23:17,455 [INFO] DbMcusXml:77 - Set database path to: C:\ST\STM32CubeIDE_1.10.1\STM32CubeIDE\plugins\com.st.stm32cube.common.mx_6.6.1.202207061420\\db\/mcu/
2022-11-22 11:23:17,455 [INFO] ApiDb:269 - Set plugin database path to: C:\ST\STM32CubeIDE_1.10.1\STM32CubeIDE\plugins\com.st.stm32cube.common.mx_6.6.1.202207061420\\db\/plugins/boardmanager/
2022-11-22 11:23:17,455 [WARN] ApiDb:254 - Overriding images path with different value:  => C:\ST\STM32CubeIDE_1.10.1\STM32CubeIDE\plugins\com.st.stm32cube.common.mx_6.6.1.202207061420\\db\/plugins/mcufinder/images/
2022-11-22 11:23:17,471 [INFO] ApiDb:249 - Set database path to: C:\Users\rowad\.stmcufinder\plugins\mcufinder//mcu/
2022-11-22 11:23:17,471 [INFO] DbMcusAds:124 - Set database path to: C:\Users\rowad\.stmcufinder\plugins\mcufinder//mcu/
2022-11-22 11:23:17,486 [INFO] CrossReferenceDbSqlite:201 - Set database path to: C:\Users\rowad\.stmcufinder\plugins\mcufinder//mcu/cs/
2022-11-22 11:23:17,611 [INFO] RulesReader:61 - Compatibility file has been processed (282 Rules)
2022-11-22 11:23:17,783 [INFO] DbMcusXml:77 - Set database path to: C:\ST\STM32CubeIDE_1.10.1\STM32CubeIDE\plugins\com.st.stm32cube.common.mx_6.6.1.202207061420\\db\/mcu/
2022-11-22 11:23:17,783 [INFO] ApiDb:269 - Set plugin database path to: C:\ST\STM32CubeIDE_1.10.1\STM32CubeIDE\plugins\com.st.stm32cube.common.mx_6.6.1.202207061420\\db\/plugins/boardmanager/
2022-11-22 11:23:17,783 [INFO] ApiDb:256 - Set plugin images path to: C:\ST\STM32CubeIDE_1.10.1\STM32CubeIDE\plugins\com.st.stm32cube.common.mx_6.6.1.202207061420\\db\/plugins/mcufinder/images/
2022-11-22 11:23:17,783 [WARN] DbFile:40 - Overriding database path with different value: C:\Users\rowad\.stmcufinder\plugins\mcufinder/ => C:\Users\rowad\.stmcufinder\plugins\mcufinder
2022-11-22 11:23:17,783 [INFO] ApiDb:249 - Set database path to: C:\Users\rowad\.stmcufinder\plugins\mcufinder//mcu/
2022-11-22 11:23:17,783 [WARN] DbFile:40 - Overriding database path with different value: C:\Users\rowad\.stmcufinder\plugins\mcufinder/ => C:\Users\rowad\.stmcufinder\plugins\mcufinder
2022-11-22 11:23:17,783 [INFO] DbMcusAds:124 - Set database path to: C:\Users\rowad\.stmcufinder\plugins\mcufinder//mcu/
2022-11-22 11:23:17,783 [WARN] DbFile:40 - Overriding database path with different value: C:\Users\rowad\.stmcufinder\plugins\mcufinder/ => C:\Users\rowad\.stmcufinder\plugins\mcufinder
2022-11-22 11:23:17,783 [WARN] DbFile:40 - Overriding database path with different value: C:\Users\rowad\.stmcufinder\plugins\mcufinder/ => C:\Users\rowad\.stmcufinder\plugins\mcufinder
2022-11-22 11:23:17,783 [INFO] CrossReferenceDbSqlite:201 - Set database path to: C:\Users\rowad\.stmcufinder\plugins\mcufinder//mcu/cs/
2022-11-22 11:23:17,924 [INFO] MainPanel:242 - HeapMemory: 268435456
2022-11-22 11:23:18,002 [INFO] DbMcusXml:77 - Set database path to: C:\ST\STM32CubeIDE_1.10.1\STM32CubeIDE\plugins\com.st.stm32cube.common.mx_6.6.1.202207061420\\db\/mcu/
2022-11-22 11:23:18,002 [INFO] ApiDb:269 - Set plugin database path to: C:\ST\STM32CubeIDE_1.10.1\STM32CubeIDE\plugins\com.st.stm32cube.common.mx_6.6.1.202207061420\\db\/plugins/boardmanager/
2022-11-22 11:23:18,002 [INFO] ApiDb:256 - Set plugin images path to: C:\ST\STM32CubeIDE_1.10.1\STM32CubeIDE\plugins\com.st.stm32cube.common.mx_6.6.1.202207061420\\db\/plugins/mcufinder/images/
2022-11-22 11:23:18,002 [WARN] DbFile:40 - Overriding database path with different value: C:\Users\rowad\.stmcufinder\plugins\mcufinder/ => C:\Users\rowad\.stmcufinder\plugins\mcufinder
2022-11-22 11:23:18,002 [INFO] ApiDb:249 - Set database path to: C:\Users\rowad\.stmcufinder\plugins\mcufinder//mcu/
2022-11-22 11:23:18,002 [WARN] DbFile:40 - Overriding database path with different value: C:\Users\rowad\.stmcufinder\plugins\mcufinder/ => C:\Users\rowad\.stmcufinder\plugins\mcufinder
2022-11-22 11:23:18,002 [INFO] DbMcusAds:124 - Set database path to: C:\Users\rowad\.stmcufinder\plugins\mcufinder//mcu/
2022-11-22 11:23:18,002 [WARN] DbFile:40 - Overriding database path with different value: C:\Users\rowad\.stmcufinder\plugins\mcufinder/ => C:\Users\rowad\.stmcufinder\plugins\mcufinder
2022-11-22 11:23:18,002 [WARN] DbFile:40 - Overriding database path with different value: C:\Users\rowad\.stmcufinder\plugins\mcufinder/ => C:\Users\rowad\.stmcufinder\plugins\mcufinder
2022-11-22 11:23:18,002 [INFO] CrossReferenceDbSqlite:201 - Set database path to: C:\Users\rowad\.stmcufinder\plugins\mcufinder//mcu/cs/
2022-11-22 11:23:18,033 [INFO] ApplicationProperties:181 - Using Application install path: C:\ST\STM32CubeIDE_1.10.1\STM32CubeIDE\plugins\com.st.stm32cube.common.mx_6.6.1.202207061420
2022-11-22 11:23:18,033 [INFO] PluginManage:193 - Search for loadable plugins [exclusion list=, ]
2022-11-22 11:23:18,033 [INFO] PluginManage:307 - Check plugin analytics
2022-11-22 11:23:26,109 [INFO] AnalyticsPlugin:262 - Accepted Software Licenses: 
2022-11-22 11:23:26,109 [INFO] AnalyticsPlugin:264 - Accepted CMSIS Pack Licenses: 
2022-11-22 11:23:26,109 [INFO] AnalyticsPlugin:266 - Accepted Firmware Licenses: FW.F4.1.27.0
2022-11-22 11:23:26,141 [INFO] PluginManage:356 - Loaded plugin analytics (category:tool,tabindex:-1)
2022-11-22 11:23:26,141 [INFO] PluginManage:307 - Check plugin cadmodel
2022-11-22 11:23:26,141 [INFO] CADModel:65 - Init CAD model plugin
2022-11-22 11:23:26,141 [INFO] PluginManage:356 - Loaded plugin cadmodel (category:power,tabindex:5)
2022-11-22 11:23:26,141 [INFO] PluginManage:307 - Check plugin clock
2022-11-22 11:23:26,156 [INFO] PluginManage:356 - Loaded plugin clock (category:base,tabindex:2)
2022-11-22 11:23:26,156 [INFO] PluginManage:307 - Check plugin ddr
2022-11-22 11:23:26,156 [INFO] PluginManage:356 - Loaded plugin ddr (category:tool,tabindex:6)
2022-11-22 11:23:26,156 [INFO] PluginManage:307 - Check plugin filemanager
2022-11-22 11:23:26,359 [INFO] PluginManage:356 - Loaded plugin filemanager (category:base,tabindex:10)
2022-11-22 11:23:26,359 [INFO] PluginManage:307 - Check plugin ipmanager
2022-11-22 11:23:26,359 [INFO] PluginManage:356 - Loaded plugin ipmanager (category:base,tabindex:5)
2022-11-22 11:23:26,359 [INFO] PluginManage:307 - Check plugin lpbam
2022-11-22 11:23:26,375 [INFO] PluginManage:356 - Loaded plugin lpbam (category:base,tabindex:0)
2022-11-22 11:23:26,375 [INFO] PluginManage:307 - Check plugin pinoutandconfiguration
2022-11-22 11:23:26,391 [INFO] PluginManage:356 - Loaded plugin pinoutandconfiguration (category:base,tabindex:1)
2022-11-22 11:23:26,391 [INFO] PluginManage:307 - Check plugin pinoutconfig
2022-11-22 11:23:26,437 [INFO] PluginManage:356 - Loaded plugin pinoutconfig (category:base,tabindex:0)
2022-11-22 11:23:26,437 [INFO] PluginManage:307 - Check plugin power
2022-11-22 11:23:26,437 [INFO] PluginManage:356 - Loaded plugin power (category:power,tabindex:4)
2022-11-22 11:23:26,437 [INFO] PluginManage:307 - Check plugin projectmanager
2022-11-22 11:23:26,500 [INFO] PluginManage:356 - Loaded plugin projectmanager (category:projectmanager,tabindex:3)
2022-11-22 11:23:26,500 [INFO] PluginManage:307 - Check plugin thirdparty
2022-11-22 11:23:26,656 [WARN] IntegrityCheckThread:82 - waiting for thirdparty lock release [integrity check]
2022-11-22 11:23:26,656 [INFO] PluginManage:356 - Loaded plugin thirdparty (category:base,tabindex:-1)
2022-11-22 11:23:26,656 [INFO] IntegrityCheckThread:84 - entering critical section [integrity check]
2022-11-22 11:23:26,656 [INFO] PluginManage:307 - Check plugin tools
2022-11-22 11:23:26,656 [INFO] ThirdPartyUpdaterWithRetryManager:70 - Updater plugin not ready yet. [1/15]
2022-11-22 11:23:26,656 [INFO] PluginManage:356 - Loaded plugin tools (category:base,tabindex:7)
2022-11-22 11:23:26,656 [INFO] PluginManage:307 - Check plugin tutovideos
2022-11-22 11:23:26,844 [INFO] PluginManage:356 - Loaded plugin tutovideos (category:base,tabindex:-1)
2022-11-22 11:23:26,844 [INFO] PluginManage:307 - Check plugin updater
2022-11-22 11:23:26,859 [INFO] PluginManage:356 - Loaded plugin updater (category:base,tabindex:12)
2022-11-22 11:23:26,859 [INFO] PluginManage:280 - PluginManage : Loaded plugins [15]
2022-11-22 11:23:27,218 [INFO] PinOutPanel:1468 - setPackage(No Configuration,No Configuration)
2022-11-22 11:23:27,297 [INFO] CADModel:98 - CPN selected for project level
2022-11-22 11:23:27,312 [INFO] IPUIPlugin:79 - create IPUIPlugin
2022-11-22 11:23:27,312 [INFO] PluginManager:217 - loadIPPluginJar : add adc
2022-11-22 11:23:27,328 [INFO] IPUIPlugin:79 - create IPUIPlugin
2022-11-22 11:23:27,328 [INFO] PluginManager:217 - loadIPPluginJar : add aes
2022-11-22 11:23:27,328 [INFO] IPUIPlugin:79 - create IPUIPlugin
2022-11-22 11:23:27,328 [INFO] PluginManager:217 - loadIPPluginJar : add can
2022-11-22 11:23:27,328 [INFO] IPUIPlugin:79 - create IPUIPlugin
2022-11-22 11:23:27,328 [INFO] PluginManager:217 - loadIPPluginJar : add comp
2022-11-22 11:23:27,328 [INFO] IPUIPlugin:79 - create IPUIPlugin
2022-11-22 11:23:27,328 [INFO] PluginManager:217 - loadIPPluginJar : add cryp
2022-11-22 11:23:27,328 [INFO] IPUIPlugin:79 - create IPUIPlugin
2022-11-22 11:23:27,328 [INFO] PluginManager:217 - loadIPPluginJar : add dfsdm
2022-11-22 11:23:27,343 [INFO] IPUIPlugin:79 - create IPUIPlugin
2022-11-22 11:23:27,343 [INFO] PluginManager:217 - loadIPPluginJar : add dma
2022-11-22 11:23:27,343 [INFO] IPUIPlugin:79 - create IPUIPlugin
2022-11-22 11:23:27,343 [INFO] PluginManager:217 - loadIPPluginJar : add dma3
2022-11-22 11:23:27,343 [INFO] IPUIPlugin:79 - create IPUIPlugin
2022-11-22 11:23:27,343 [INFO] PluginManager:217 - loadIPPluginJar : add fatfs
2022-11-22 11:23:27,343 [INFO] IPUIPlugin:79 - create IPUIPlugin
2022-11-22 11:23:27,343 [INFO] PluginManager:217 - loadIPPluginJar : add fmc
2022-11-22 11:23:27,359 [INFO] IPUIPlugin:79 - create IPUIPlugin
2022-11-22 11:23:27,359 [INFO] PluginManager:217 - loadIPPluginJar : add freertos
2022-11-22 11:23:27,359 [INFO] IPUIPlugin:79 - create IPUIPlugin
2022-11-22 11:23:27,359 [INFO] PluginManager:217 - loadIPPluginJar : add genericplugin
2022-11-22 11:23:27,359 [INFO] IPUIPlugin:79 - create IPUIPlugin
2022-11-22 11:23:27,359 [INFO] PluginManager:217 - loadIPPluginJar : add gfxmmu
2022-11-22 11:23:27,359 [INFO] IPUIPlugin:79 - create IPUIPlugin
2022-11-22 11:23:27,359 [INFO] PluginManager:217 - loadIPPluginJar : add gic
2022-11-22 11:23:27,375 [INFO] IPUIPlugin:79 - create IPUIPlugin
2022-11-22 11:23:27,375 [INFO] PluginManager:217 - loadIPPluginJar : add gpio
2022-11-22 11:23:27,375 [INFO] IPUIPlugin:79 - create IPUIPlugin
2022-11-22 11:23:27,375 [INFO] PluginManager:217 - loadIPPluginJar : add gtzc
2022-11-22 11:23:27,375 [INFO] IPUIPlugin:79 - create IPUIPlugin
2022-11-22 11:23:27,375 [INFO] PluginManager:217 - loadIPPluginJar : add hash
2022-11-22 11:23:27,375 [INFO] IPUIPlugin:79 - create IPUIPlugin
2022-11-22 11:23:27,375 [INFO] PluginManager:217 - loadIPPluginJar : add i2c
2022-11-22 11:23:27,375 [INFO] IPUIPlugin:79 - create IPUIPlugin
2022-11-22 11:23:27,375 [INFO] PluginManager:217 - loadIPPluginJar : add i2s
2022-11-22 11:23:27,390 [INFO] IPUIPlugin:79 - create IPUIPlugin
2022-11-22 11:23:27,390 [INFO] PluginManager:217 - loadIPPluginJar : add ipddr
2022-11-22 11:23:27,390 [INFO] IPUIPlugin:79 - create IPUIPlugin
2022-11-22 11:23:27,390 [INFO] PluginManager:217 - loadIPPluginJar : add linkedlist
2022-11-22 11:23:27,390 [INFO] IPUIPlugin:79 - create IPUIPlugin
2022-11-22 11:23:27,390 [INFO] PluginManager:217 - loadIPPluginJar : add lorawan
2022-11-22 11:23:27,390 [INFO] IPUIPlugin:79 - create IPUIPlugin
2022-11-22 11:23:27,390 [INFO] PluginManager:217 - loadIPPluginJar : add ltdc
2022-11-22 11:23:27,406 [INFO] IPUIPlugin:79 - create IPUIPlugin
2022-11-22 11:23:27,406 [INFO] PluginManager:217 - loadIPPluginJar : add mdma
2022-11-22 11:23:27,406 [INFO] IPUIPlugin:79 - create IPUIPlugin
2022-11-22 11:23:27,406 [INFO] PluginManager:217 - loadIPPluginJar : add nvic
2022-11-22 11:23:27,406 [INFO] IPUIPlugin:79 - create IPUIPlugin
2022-11-22 11:23:27,406 [INFO] PluginManager:217 - loadIPPluginJar : add opamp
2022-11-22 11:23:27,406 [INFO] IPUIPlugin:79 - create IPUIPlugin
2022-11-22 11:23:27,406 [INFO] PluginManager:217 - loadIPPluginJar : add openamp
2022-11-22 11:23:27,406 [INFO] IPUIPlugin:79 - create IPUIPlugin
2022-11-22 11:23:27,406 [INFO] PluginManager:217 - loadIPPluginJar : add pdm2pcm
2022-11-22 11:23:27,422 [INFO] IPUIPlugin:79 - create IPUIPlugin
2022-11-22 11:23:27,422 [INFO] PluginManager:217 - loadIPPluginJar : add plateformsettings
2022-11-22 11:23:27,422 [INFO] IPUIPlugin:79 - create IPUIPlugin
2022-11-22 11:23:27,422 [INFO] PluginManager:217 - loadIPPluginJar : add quadspi
2022-11-22 11:23:27,437 [INFO] IPUIPlugin:79 - create IPUIPlugin
2022-11-22 11:23:27,437 [INFO] PluginManager:217 - loadIPPluginJar : add resmgrutility
2022-11-22 11:23:27,437 [INFO] IPUIPlugin:79 - create IPUIPlugin
2022-11-22 11:23:27,437 [INFO] PluginManager:217 - loadIPPluginJar : add sai
2022-11-22 11:23:27,437 [INFO] IPUIPlugin:79 - create IPUIPlugin
2022-11-22 11:23:27,437 [INFO] PluginManager:217 - loadIPPluginJar : add spi
2022-11-22 11:23:27,437 [INFO] IPUIPlugin:79 - create IPUIPlugin
2022-11-22 11:23:27,437 [INFO] PluginManager:217 - loadIPPluginJar : add stm32_wpan
2022-11-22 11:23:27,453 [INFO] IPUIPlugin:79 - create IPUIPlugin
2022-11-22 11:23:27,453 [INFO] PluginManager:217 - loadIPPluginJar : add tim
2022-11-22 11:23:27,453 [INFO] IPUIPlugin:79 - create IPUIPlugin
2022-11-22 11:23:27,453 [INFO] PluginManager:217 - loadIPPluginJar : add touchsensing
2022-11-22 11:23:27,453 [INFO] IPUIPlugin:79 - create IPUIPlugin
2022-11-22 11:23:27,453 [INFO] PluginManager:217 - loadIPPluginJar : add tracer_emb
2022-11-22 11:23:27,453 [INFO] IPUIPlugin:79 - create IPUIPlugin
2022-11-22 11:23:27,453 [INFO] PluginManager:217 - loadIPPluginJar : add ts
2022-11-22 11:23:27,453 [INFO] IPUIPlugin:79 - create IPUIPlugin
2022-11-22 11:23:27,453 [INFO] PluginManager:217 - loadIPPluginJar : add tsc
2022-11-22 11:23:27,468 [INFO] IPUIPlugin:79 - create IPUIPlugin
2022-11-22 11:23:27,468 [INFO] PluginManager:217 - loadIPPluginJar : add ucpd
2022-11-22 11:23:27,468 [INFO] IPUIPlugin:79 - create IPUIPlugin
2022-11-22 11:23:27,468 [INFO] PluginManager:217 - loadIPPluginJar : add usart
2022-11-22 11:23:27,468 [INFO] IPUIPlugin:79 - create IPUIPlugin
2022-11-22 11:23:27,468 [INFO] PluginManager:217 - loadIPPluginJar : add usbx
2022-11-22 11:23:27,828 [FATAL] Updater:301 - Updater called before beeing initialized
2022-11-22 11:23:27,969 [FATAL] Updater:301 - Updater called before beeing initialized
2022-11-22 11:23:27,984 [INFO] DbMcusAds:52 - JSON generation date=Thu Sep 30 08:56:37 EET 2021 (1632984997303)
2022-11-22 11:23:27,984 [FATAL] Updater:301 - Updater called before beeing initialized
2022-11-22 11:23:28,016 [WARN] DetailPanel:344 - Failed to get advertising image, set to default
2022-11-22 11:23:28,141 [FATAL] Updater:301 - Updater called before beeing initialized
2022-11-22 11:23:28,156 [FATAL] Updater:301 - Updater called before beeing initialized
2022-11-22 11:23:28,156 [FATAL] Updater:301 - Updater called before beeing initialized
2022-11-22 11:23:28,156 [WARN] DetailPanel:344 - Failed to get advertising image, set to default
2022-11-22 11:23:28,156 [FATAL] Updater:301 - Updater called before beeing initialized
2022-11-22 11:23:28,219 [ERROR] Updater:1105 - MainUpdater not yet initialized. External WinMGr cannot be set.
2022-11-22 11:23:28,219 [INFO] Updater:1041 - Updater Version found : 6.6.1
2022-11-22 11:23:28,234 [INFO] ApplicationProperties:181 - Using Application install path: C:\ST\STM32CubeIDE_1.10.1\STM32CubeIDE\plugins\com.st.stm32cube.common.mx_6.6.1.202207061420
2022-11-22 11:23:28,391 [INFO] MainUpdater:2768 - connection check result : 10
2022-11-22 11:23:28,391 [INFO] MainUpdater:280 - Updater Check For Update Now.
2022-11-22 11:23:28,391 [INFO] MicroXplorer:481 - Change Database Version : DB.6.0.60
2022-11-22 11:23:28,562 [INFO] CheckServerUpdateThread:119 - End of CheckServer Thread
2022-11-22 11:23:28,594 [INFO] MainUpdater:2768 - connection check result : 10
2022-11-22 11:23:28,844 [INFO] McuFinderGlobals:57 - Set McuFinderConnectedMode to true
2022-11-22 11:23:28,859 [INFO] MultiScanPanel:195 - Auto-refresh data requested => check proxy status ongoing
2022-11-22 11:23:28,859 [INFO] FinderPluginLoader:92 - Searching for filters in installed packs
2022-11-22 11:23:29,062 [INFO] ApiDb:576 - Connected to CubeFinder SQLite database (C:\Users\rowad\.stmcufinder\plugins\mcufinder\mcu\cube-finder-db.db)
2022-11-22 11:23:29,094 [INFO] ApiDb:663 - CubeFinder database Data Model version=2.1
2022-11-22 11:23:29,094 [INFO] ApiDb:664 - CubeFinder database Configuration version=3.0.32
2022-11-22 11:23:29,094 [INFO] ApiDb:665 - CubeFinder database generation date=2022-08-05 (1659688109)
2022-11-22 11:23:29,094 [INFO] ApiDb:666 - CubeFinder database FW Pack versions=[STM32Cube_FW_C0_V1.0.0, STM32Cube_FW_F4_V1.27.1, STM32Cube_FW_F7_V1.17.0, STM32Cube_FW_G0_V1.6.1, STM32Cube_FW_G4_V1.5.0, STM32Cube_FW_H7_V1.10.0, STM32Cube_FW_L5_V1.4.0, STM32Cube_FW_U5_V1.1.1, STM32Cube_FW_WB_V1.14.1, STM32Cube_FW_WL_V1.2.0, X-CUBE-ALGOBUILD_V1.3.0, X-CUBE-ALS_V1.0.1, X-CUBE-AZRTOS-F4_V1.1.0, X-CUBE-AZRTOS-F7_V1.1.0, X-CUBE-AZRTOS-G0_V1.1.0, X-CUBE-AZRTOS-G4_V1.0.0, X-CUBE-AZRTOS-H7_V2.1.0, X-CUBE-AZRTOS-L4_V1.0.0, X-CUBE-AZRTOS-L5_V1.0.0, X-CUBE-AZRTOS-WL_V1.0.0, X-CUBE-BLE1_V6.2.3, X-CUBE-BLE2_V3.3.0, X-CUBE-EEPRMA1_V3.1.1, X-CUBE-GNSS1_V6.0.0, X-CUBE-MEMS1_V9.1.0, X-CUBE-MEMS1_V9.3.0, X-CUBE-NFC4_V2.0.4, X-CUBE-NFC7_V1.0.0, X-CUBE-SFXS2LP1_V4.0.0, X-CUBE-SUBG2_V5.0.0]
2022-11-22 11:23:29,828 [WARN] PackLoader:242 - Cannot read IP mode file for STMicroelectronics.X-CUBE-GNSS1.6.0.0
2022-11-22 11:23:29,875 [WARN] PackLoader:242 - Cannot read IP mode file for STMicroelectronics.X-CUBE-AZRTOS-F4.1.1.0
2022-11-22 11:23:30,000 [WARN] PackLoader:242 - Cannot read IP mode file for STMicroelectronics.X-CUBE-MEMS1.9.2.0
2022-11-22 11:23:30,218 [WARN] PackLoader:242 - Cannot read IP mode file for STMicroelectronics.X-CUBE-BLEMGR.1.2.0
2022-11-22 11:23:30,250 [WARN] PackLoader:242 - Cannot read IP mode file for STMicroelectronics.X-CUBE-AZRTOS-F7.1.1.0
2022-11-22 11:23:30,265 [WARN] PackLoader:242 - Cannot read IP mode file for STMicroelectronics.X-CUBE-BLE1.6.2.3
2022-11-22 11:23:30,265 [WARN] PackLoader:242 - Cannot read IP mode file for STMicroelectronics.X-CUBE-NFC4.2.0.5
2022-11-22 11:23:30,265 [WARN] PackLoader:242 - Cannot read IP mode file for STMicroelectronics.X-CUBE-NFC4.2.0.4
2022-11-22 11:23:30,281 [WARN] PackLoader:242 - Cannot read IP mode file for STMicroelectronics.X-CUBE-TOF1.3.1.0
2022-11-22 11:23:30,312 [WARN] PackLoader:242 - Cannot read IP mode file for STMicroelectronics.X-CUBE-AZRTOS-F4.1.0.0
2022-11-22 11:23:30,312 [WARN] PackLoader:242 - Cannot read IP mode file for STMicroelectronics.X-CUBE-NFC7.1.0.0
2022-11-22 11:23:30,390 [WARN] PackLoader:242 - Cannot read IP mode file for STMicroelectronics.X-CUBE-MEMS1.9.3.0
2022-11-22 11:23:30,562 [WARN] PackLoader:242 - Cannot read IP mode file for STMicroelectronics.X-CUBE-AI.7.2.0
2022-11-22 11:23:30,578 [WARN] PackLoader:242 - Cannot read IP mode file for STMicroelectronics.X-CUBE-SFXS2LP1.4.0.0
2022-11-22 11:23:30,578 [WARN] PackLoader:242 - Cannot read IP mode file for STMicroelectronics.X-CUBE-BLE2.3.3.0
2022-11-22 11:23:30,593 [WARN] PackLoader:242 - Cannot read IP mode file for STMicroelectronics.X-CUBE-DISPLAY.2.2.0
2022-11-22 11:23:30,609 [WARN] PackLoader:242 - Cannot read IP mode file for STMicroelectronics.X-CUBE-TOF1.3.2.0
2022-11-22 11:23:30,609 [WARN] PackLoader:242 - Cannot read IP mode file for STMicroelectronics.X-CUBE-ISPU.1.0.0
2022-11-22 11:23:30,624 [WARN] PackLoader:242 - Cannot read IP mode file for STMicroelectronics.X-CUBE-ISPU.1.1.0
2022-11-22 11:23:30,640 [WARN] PackLoader:242 - Cannot read IP mode file for RoweBots.I-CUBE-UNISONRTOS.5.5.0-4
2022-11-22 11:23:30,656 [WARN] PackLoader:242 - Cannot read IP mode file for STMicroelectronics.X-CUBE-AZRTOS-H7.2.1.0
2022-11-22 11:23:30,671 [WARN] PackLoader:242 - Cannot read IP mode file for wolfSSL.I-CUBE-wolfSSL.5.4.0
2022-11-22 11:23:30,671 [WARN] PackLoader:242 - Cannot read IP mode file for STMicroelectronics.X-CUBE-BLEMGR.1.0.0
2022-11-22 11:23:30,671 [WARN] PackLoader:242 - Cannot read IP mode file for STMicroelectronics.X-CUBE-AI.7.3.0
2022-11-22 11:23:30,687 [WARN] PackLoader:242 - Cannot read IP mode file for STMicroelectronics.X-CUBE-ALGOBUILD.1.3.0
2022-11-22 11:23:30,703 [WARN] PackLoader:242 - Cannot read IP mode file for STMicroelectronics.X-CUBE-AZRTOS-G0.1.1.0
2022-11-22 11:23:30,718 [WARN] PackLoader:242 - Cannot read IP mode file for STMicroelectronics.X-CUBE-SUBG2.5.0.0
2022-11-22 11:23:30,765 [WARN] PackLoader:242 - Cannot read IP mode file for SEGGER.I-CUBE-embOS.1.2.0
2022-11-22 11:23:30,812 [WARN] PackLoader:242 - Cannot read IP mode file for STMicroelectronics.FP-ATR-ASTRA1.1.1.1
2022-11-22 11:23:30,812 [WARN] PackLoader:242 - Cannot read IP mode file for STMicroelectronics.FP-ATR-ASTRA1.1.1.0
2022-11-22 11:23:30,828 [WARN] PackLoader:242 - Cannot read IP mode file for STMicroelectronics.X-CUBE-AZRTOS-G4.1.0.0
2022-11-22 11:23:30,843 [WARN] PackLoader:242 - Cannot read IP mode file for STMicroelectronics.FP-ATR-SIGFOX1.3.2.0
2022-11-22 11:23:30,859 [WARN] PackLoader:242 - Cannot read IP mode file for STMicroelectronics.X-CUBE-AZRTOS-L4.1.0.0
2022-11-22 11:23:30,874 [WARN] PackLoader:242 - Cannot read IP mode file for emotas.I-CUBE-CANOPEN.1.1.2
2022-11-22 11:23:30,921 [WARN] PackLoader:242 - Cannot read IP mode file for STMicroelectronics.X-CUBE-TOUCHGFX.4.20.0
2022-11-22 11:23:30,952 [WARN] PackLoader:242 - Cannot read IP mode file for STMicroelectronics.X-CUBE-AZRTOS-WL.1.0.0
2022-11-22 11:23:30,968 [WARN] PackLoader:242 - Cannot read IP mode file for portGmbH.I-Cube-SoM-uGOAL.1.1.0
2022-11-22 11:23:30,968 [WARN] PackLoader:242 - Cannot read IP mode file for STMicroelectronics.X-CUBE-ALS.1.0.1
2022-11-22 11:23:30,984 [WARN] PackLoader:242 - Cannot read IP mode file for STMicroelectronics.X-CUBE-AZRTOS-L5.1.0.0
2022-11-22 11:23:30,999 [WARN] PackLoader:242 - Cannot read IP mode file for STMicroelectronics.X-CUBE-EEPRMA1.3.1.1
2022-11-22 11:23:30,999 [INFO] ThirdParty:929 - Integrity check success = true
2022-11-22 11:23:30,999 [INFO] IntegrityCheckThread:98 - exiting critical section [integrity check]
2022-11-22 11:23:30,999 [INFO] IntegrityCheckThread:101 - End integrity checks thread
2022-11-22 11:23:31,405 [INFO] ApiDb:239 - Found 138 in-development CPN: [B-WB1M-WPAN1, NUCLEO-C031C6, STEVAL-STWINBX1, STM320518-EVAL, STM32C0116-DK, STM32C011D6Y3TR, STM32C011D6Y6TR, STM32C011F4P3, STM32C011F4P6, STM32C011F4U3, STM32C011F4U6TR, STM32C011F6P3, STM32C011F6P6, STM32C011F6U3, STM32C011F6U6TR, STM32C011J4M3, STM32C011J4M6, STM32C011J6M3, STM32C011J6M6, STM32C0316-DK, STM32C031C4T3, STM32C031C4T6, STM32C031C4U3, STM32C031C4U6, STM32C031C6T3, STM32C031C6T6, STM32C031C6U3, STM32C031C6U6, STM32C031F4P3, STM32C031F4P6, STM32C031F6P3, STM32C031F6P6, STM32C031G4U3, STM32C031G4U6, STM32C031G6U3, STM32C031G6U6, STM32C031K4T3, STM32C031K4T6, STM32C031K4U3, STM32C031K4U6, STM32C031K6T3, STM32C031K6T6, STM32C031K6U3, STM32C031K6U6, STM32G071K8TXN, STM32G071K8UXN, STM32G081GBU6N, STM32G081KBT6N, STM32G081KBUXN, STM32G0B1CCT6N, STM32G0B1KCT6, STM32G0B1NEY6TR, STM32G0B1RCT6N, STM32G0C1CCT6, STM32G0C1CCT6N, STM32G0C1CCU6N, STM32G0C1CET6N, STM32G0C1CEU6N, STM32G0C1KCT6, STM32G0C1NEY6TR, STM32G0C1RCI6N, STM32G0C1RCT6N, STM32G0C1REI6N, STM32G0C1RET6N, STM32G0C1VCI6, STM32G0C1VEI6, STM32G471CCT6, STM32G471CCU6, STM32G471CET3, STM32G471CET6, STM32G471CEU3, STM32G471CEU6, STM32G471MCT6, STM32G471MET3, STM32G471MET6, STM32G471MEY6TR, STM32G471QCT6, STM32G471QET3, STM32G471RCT6, STM32G471RET3, STM32G471RET6, STM32G471VCH6, STM32G471VCI6, STM32G471VCT6, STM32G471VEH3, STM32G471VEH6, STM32G471VEI3, STM32G471VEI6, STM32G471VET3, STM32G471VET6, STM32G474CCT6, STM32L476VGY6PTR, STM32L4R5QGI6STR, STM32MP131AAE3, STM32MP131AAF3, STM32MP131AAG3, STM32MP131CAE3, STM32MP131CAF3, STM32MP131CAG3, STM32MP131DAE7, STM32MP131DAF7, STM32MP131DAG7, STM32MP131FAE7, STM32MP131FAF7, STM32MP131FAG7, STM32MP133AAE3, STM32MP133AAF3, STM32MP133AAG3, STM32MP133CAE3, STM32MP133CAF3, STM32MP133CAG3, STM32MP133DAE7, STM32MP133DAF7, STM32MP133DAG7, STM32MP133FAE7, STM32MP133FAF7, STM32MP133FAG7, STM32MP135AAE3, STM32MP135AAF3, STM32MP135AAG3, STM32MP135CAE3, STM32MP135CAF3, STM32MP135CAG3, STM32MP135DAE7, STM32MP135DAF7, STM32MP135DAG7, STM32MP135F-DK, STM32MP135FAE7, STM32MP135FAF7, STM32MP135FAG7, STM32U595ZJT6Q, STM32U599BJY6QTR, STM32U599NIH6Q, STM32U599NJH6Q, STM32U5A5ZJT6Q, STM32U5A9BJY6QTR, STM32U5A9NJH6Q, STM32WB1MMCH6]
2022-11-22 11:23:31,421 [INFO] DbMcus:215 - Found 3542 MCUs, 3542 are supported
2022-11-22 11:23:31,421 [INFO] ApiDb:418 - Load user favorites file C:\Users\rowad/.stm32cubeide/favorites.mcus.txt: 0 item(s)
2022-11-22 11:23:31,421 [INFO] ApiDb:422 - User favorites MCUs=[]
2022-11-22 11:23:31,421 [INFO] DbMcus:221 - Set 0 / 0 favorites MCUs
2022-11-22 11:23:32,765 [INFO] LoadUrlFilesThread:177 - End of LoadServerUrlFiles without Thread
2022-11-22 11:23:32,780 [INFO] DetailPanel:339 - Set advertising image to C:/Users/rowad/STM32Cube/Repository/\en.Prom_NBSTM32U50921.jpg
2022-11-22 11:23:33,343 [INFO] MultiScanPanel:778 - Auto Refresh Data is not needed
2022-11-22 11:23:33,358 [INFO] ApiDb:663 - CubeFinder database Data Model version=2.1
2022-11-22 11:23:33,358 [INFO] ApiDb:664 - CubeFinder database Configuration version=3.0.32
2022-11-22 11:23:33,358 [INFO] ApiDb:665 - CubeFinder database generation date=2022-08-05 (1659688109)
2022-11-22 11:23:33,358 [INFO] ApiDb:666 - CubeFinder database FW Pack versions=[STM32Cube_FW_C0_V1.0.0, STM32Cube_FW_F4_V1.27.1, STM32Cube_FW_F7_V1.17.0, STM32Cube_FW_G0_V1.6.1, STM32Cube_FW_G4_V1.5.0, STM32Cube_FW_H7_V1.10.0, STM32Cube_FW_L5_V1.4.0, STM32Cube_FW_U5_V1.1.1, STM32Cube_FW_WB_V1.14.1, STM32Cube_FW_WL_V1.2.0, X-CUBE-ALGOBUILD_V1.3.0, X-CUBE-ALS_V1.0.1, X-CUBE-AZRTOS-F4_V1.1.0, X-CUBE-AZRTOS-F7_V1.1.0, X-CUBE-AZRTOS-G0_V1.1.0, X-CUBE-AZRTOS-G4_V1.0.0, X-CUBE-AZRTOS-H7_V2.1.0, X-CUBE-AZRTOS-L4_V1.0.0, X-CUBE-AZRTOS-L5_V1.0.0, X-CUBE-AZRTOS-WL_V1.0.0, X-CUBE-BLE1_V6.2.3, X-CUBE-BLE2_V3.3.0, X-CUBE-EEPRMA1_V3.1.1, X-CUBE-GNSS1_V6.0.0, X-CUBE-MEMS1_V9.1.0, X-CUBE-MEMS1_V9.3.0, X-CUBE-NFC4_V2.0.4, X-CUBE-NFC7_V1.0.0, X-CUBE-SFXS2LP1_V4.0.0, X-CUBE-SUBG2_V5.0.0]
2022-11-22 11:23:33,421 [INFO] DbBoardsSqlite:227 - include board P-NUCLEO-WB55-NUCLEO as a kit item of type 'Nucleo-64'
2022-11-22 11:23:33,421 [INFO] DbBoardsSqlite:227 - include board P-NUCLEO-WB55-USBDONGLE as a kit item of type 'Nucleo USB Dongle'
2022-11-22 11:23:33,421 [INFO] DbBoardsSqlite:227 - include board STEVAL-IDP005V1 as a kit item of type 'Evaluation Board'
2022-11-22 11:23:33,421 [INFO] DbBoardsSqlite:227 - include board STEVAL-IDP005V2 as a kit item of type 'Evaluation Board'
2022-11-22 11:23:33,436 [INFO] ApiDb:239 - Found 138 in-development CPN: [B-WB1M-WPAN1, NUCLEO-C031C6, STEVAL-STWINBX1, STM320518-EVAL, STM32C0116-DK, STM32C011D6Y3TR, STM32C011D6Y6TR, STM32C011F4P3, STM32C011F4P6, STM32C011F4U3, STM32C011F4U6TR, STM32C011F6P3, STM32C011F6P6, STM32C011F6U3, STM32C011F6U6TR, STM32C011J4M3, STM32C011J4M6, STM32C011J6M3, STM32C011J6M6, STM32C0316-DK, STM32C031C4T3, STM32C031C4T6, STM32C031C4U3, STM32C031C4U6, STM32C031C6T3, STM32C031C6T6, STM32C031C6U3, STM32C031C6U6, STM32C031F4P3, STM32C031F4P6, STM32C031F6P3, STM32C031F6P6, STM32C031G4U3, STM32C031G4U6, STM32C031G6U3, STM32C031G6U6, STM32C031K4T3, STM32C031K4T6, STM32C031K4U3, STM32C031K4U6, STM32C031K6T3, STM32C031K6T6, STM32C031K6U3, STM32C031K6U6, STM32G071K8TXN, STM32G071K8UXN, STM32G081GBU6N, STM32G081KBT6N, STM32G081KBUXN, STM32G0B1CCT6N, STM32G0B1KCT6, STM32G0B1NEY6TR, STM32G0B1RCT6N, STM32G0C1CCT6, STM32G0C1CCT6N, STM32G0C1CCU6N, STM32G0C1CET6N, STM32G0C1CEU6N, STM32G0C1KCT6, STM32G0C1NEY6TR, STM32G0C1RCI6N, STM32G0C1RCT6N, STM32G0C1REI6N, STM32G0C1RET6N, STM32G0C1VCI6, STM32G0C1VEI6, STM32G471CCT6, STM32G471CCU6, STM32G471CET3, STM32G471CET6, STM32G471CEU3, STM32G471CEU6, STM32G471MCT6, STM32G471MET3, STM32G471MET6, STM32G471MEY6TR, STM32G471QCT6, STM32G471QET3, STM32G471RCT6, STM32G471RET3, STM32G471RET6, STM32G471VCH6, STM32G471VCI6, STM32G471VCT6, STM32G471VEH3, STM32G471VEH6, STM32G471VEI3, STM32G471VEI6, STM32G471VET3, STM32G471VET6, STM32G474CCT6, STM32L476VGY6PTR, STM32L4R5QGI6STR, STM32MP131AAE3, STM32MP131AAF3, STM32MP131AAG3, STM32MP131CAE3, STM32MP131CAF3, STM32MP131CAG3, STM32MP131DAE7, STM32MP131DAF7, STM32MP131DAG7, STM32MP131FAE7, STM32MP131FAF7, STM32MP131FAG7, STM32MP133AAE3, STM32MP133AAF3, STM32MP133AAG3, STM32MP133CAE3, STM32MP133CAF3, STM32MP133CAG3, STM32MP133DAE7, STM32MP133DAF7, STM32MP133DAG7, STM32MP133FAE7, STM32MP133FAF7, STM32MP133FAG7, STM32MP135AAE3, STM32MP135AAF3, STM32MP135AAG3, STM32MP135CAE3, STM32MP135CAF3, STM32MP135CAG3, STM32MP135DAE7, STM32MP135DAF7, STM32MP135DAG7, STM32MP135F-DK, STM32MP135FAE7, STM32MP135FAF7, STM32MP135FAG7, STM32U595ZJT6Q, STM32U599BJY6QTR, STM32U599NIH6Q, STM32U599NJH6Q, STM32U5A5ZJT6Q, STM32U5A9BJY6QTR, STM32U5A9NJH6Q, STM32WB1MMCH6]
2022-11-22 11:23:33,561 [INFO] BoardInfo:879 - No configuration file found for board P-NUCLEO-WB55
2022-11-22 11:23:33,561 [INFO] DbBoards:156 - Kit is not supported: P-NUCLEO-WB55
2022-11-22 11:23:33,577 [INFO] BoardInfo:879 - No configuration file found for board STEVAL-BFA001V1B
2022-11-22 11:23:33,577 [INFO] DbBoards:156 - Kit is not supported: STEVAL-BFA001V1B
2022-11-22 11:23:33,577 [INFO] BoardInfo:879 - No configuration file found for board STEVAL-BFA001V2B
2022-11-22 11:23:33,577 [INFO] DbBoards:156 - Kit is not supported: STEVAL-BFA001V2B
2022-11-22 11:23:33,717 [INFO] DbBoards:160 - Found 176 boards, 173 are supported
2022-11-22 11:23:33,733 [INFO] ApiDb:418 - Load user favorites file C:\Users\rowad/.stm32cubeide/favorites.boards.txt: 0 item(s)
2022-11-22 11:23:33,733 [INFO] ApiDb:422 - User favorites Boards=[]
2022-11-22 11:23:33,733 [INFO] DbBoards:189 - Set 0 / 0 favorites Boards
2022-11-22 11:23:37,029 [INFO] MultiScanPanel:195 - Auto-refresh data requested => check proxy status ongoing
2022-11-22 11:23:37,170 [INFO] LoadUrlFilesThread:177 - End of LoadServerUrlFiles without Thread
2022-11-22 11:23:37,170 [INFO] DetailPanel:339 - Set advertising image to C:/Users/rowad/STM32Cube/Repository/\en.Prom_NBSTM32U50921.jpg
2022-11-22 11:23:37,185 [INFO] DbBoards:628 - Loading board mini-images...
2022-11-22 11:23:37,357 [ERROR] DbBoards:648 - No image file defined for board B-WB1M-WPAN1
2022-11-22 11:23:37,357 [ERROR] DbBoards:648 - No image file defined for board NUCLEO-C031C6
2022-11-22 11:23:38,248 [ERROR] DbBoards:648 - No image file defined for board STEVAL-STWINBX1
2022-11-22 11:23:38,279 [ERROR] DbBoards:648 - No image file defined for board STM32091C-EVAL
2022-11-22 11:23:38,279 [ERROR] DbBoards:648 - No image file defined for board STM32100E-EVAL
2022-11-22 11:23:38,279 [ERROR] DbBoards:648 - No image file defined for board STM3210C-EVAL
2022-11-22 11:23:38,294 [ERROR] DbBoards:648 - No image file defined for board STM3221G-EVAL
2022-11-22 11:23:38,294 [ERROR] DbBoards:648 - No image file defined for board STM32303C-EVAL
2022-11-22 11:23:38,357 [ERROR] DbBoards:648 - No image file defined for board STM32479I-EVAL
2022-11-22 11:23:38,357 [ERROR] DbBoards:648 - No image file defined for board STM32746G-EVAL2
2022-11-22 11:23:38,373 [ERROR] DbBoards:648 - No image file defined for board STM32C0116-DK
2022-11-22 11:23:38,373 [ERROR] DbBoards:648 - No image file defined for board STM32C0316-DK
2022-11-22 11:23:38,388 [ERROR] DbBoards:648 - No image file defined for board STM32F401C-DISCO
2022-11-22 11:23:38,435 [ERROR] DbBoards:648 - No image file defined for board STM32F7308-DK
2022-11-22 11:23:38,482 [ERROR] DbBoards:648 - No image file defined for board STM32F779I-EVAL
2022-11-22 11:23:38,591 [ERROR] DbBoards:648 - No image file defined for board STM32H747I-EVAL
2022-11-22 11:23:38,638 [ERROR] DbBoards:648 - No image file defined for board STM32L-DISCOVERY
2022-11-22 11:23:38,669 [ERROR] DbBoards:648 - No image file defined for board STM32L152D-EVAL
2022-11-22 11:23:38,794 [ERROR] DbBoards:648 - No image file defined for board STM32MP135F-DK
2022-11-22 11:23:38,951 [INFO] DbBoards:651 - Loaded 157 board mini-images
2022-11-22 11:23:39,013 [INFO] MultiScanPanel:778 - Auto Refresh Data is not needed
2022-11-22 11:23:46,933 [ERROR] LogOutputStream:74 - [STDERR_REDIRECT] SLF4J: Failed to load class "org.slf4j.impl.StaticLoggerBinder".
2022-11-22 11:23:46,933 [ERROR] LogOutputStream:74 - [STDERR_REDIRECT] SLF4J: Defaulting to no-operation (NOP) logger implementation
2022-11-22 11:23:46,949 [ERROR] LogOutputStream:74 - [STDERR_REDIRECT] SLF4J: See http://www.slf4j.org/codes.html#StaticLoggerBinder for further details.
2022-11-22 11:24:25,221 [INFO] MainUpdater:2768 - connection check result : 10
2022-11-22 11:24:25,221 [INFO] MainUpdater:2768 - connection check result : 10
2022-11-22 11:24:25,236 [INFO] MicroXplorer:451 - Change Database Path : 
2022-11-22 11:24:25,236 [INFO] MicroXplorer:481 - Change Database Version : DB.6.0.60
2022-11-22 11:24:25,236 [WARN] ThirdParty:827 - waiting for thirdparty lock release [close project]
2022-11-22 11:24:25,236 [INFO] ThirdParty:829 - entering critical section [close project]
2022-11-22 11:24:25,236 [INFO] ThirdParty:839 - exiting critical section [close project]
2022-11-22 11:24:25,252 [INFO] PinOutPanel:1468 - setPackage(No Configuration,No Configuration)
2022-11-22 11:24:25,268 [INFO] UtilMem:74 - Begin LoadConfig() Used Memory: 535810456 Bytes (584056832)
2022-11-22 11:24:25,268 [INFO] OpenFileManager:307 - Change cursor
2022-11-22 11:24:25,330 [INFO] ProjectFactory:399 - No CPN specified for board STM32F407G-DISC1 => set CPN to STM32F407VGT6
2022-11-22 11:24:25,330 [INFO] Mcu:1922 - Initializing MCU STM32F407V(E-G)Tx STM32F407VGTx STM32F407VGT6
2022-11-22 11:24:27,392 [INFO] Context:654 - Trying to add GPIOservice into a context  which must be forbidden
2022-11-22 11:24:27,955 [INFO] Rule:225 - rule 117617 - U5Cobra4M][GTZC] default value MPCBB3 and MPCBB5 - Not Secured memory - MPCBB1 is applicable
2022-11-22 11:24:27,955 [INFO] Rule:225 - rule 117617 - U5Cobra4M][GTZC] default value MPCBB3 and MPCBB5 - Not Secured memory - MPCBB1 is applicable
2022-11-22 11:24:27,955 [INFO] Rule:225 - rule 117617 - U5Cobra4M][GTZC] default value MPCBB3 and MPCBB5 - Not Secured memory - MPCBB2 is applicable
2022-11-22 11:24:27,955 [INFO] Rule:225 - rule 117617 - U5Cobra4M][GTZC] default value MPCBB3 and MPCBB5 - Not Secured memory - MPCBB2 is applicable
2022-11-22 11:24:27,955 [INFO] Rule:225 - rule 117617 - U5Cobra4M][GTZC] default value MPCBB3 and MPCBB5 - Not Secured memory - MPCBB3 is applicable
2022-11-22 11:24:27,955 [INFO] Rule:225 - rule 117617 - U5Cobra4M][GTZC] default value MPCBB3 and MPCBB5 - Not Secured memory - MPCBB3 is applicable
2022-11-22 11:24:27,955 [INFO] Rule:225 - rule 117617 - U5Cobra4M][GTZC] default value MPCBB3 and MPCBB5 - Not Secured memory - MPCBB4 is applicable
2022-11-22 11:24:27,955 [INFO] Rule:225 - rule 117617 - U5Cobra4M][GTZC] default value MPCBB3 and MPCBB5 - Not Secured memory - MPCBB4 is applicable
2022-11-22 11:24:27,955 [INFO] Rule:225 - rule 117617 - U5Cobra4M][GTZC] default value MPCBB3 and MPCBB5 - Secured memory - MPCBB1 is applicable
2022-11-22 11:24:27,955 [INFO] Rule:225 - rule 117617 - U5Cobra4M][GTZC] default value MPCBB3 and MPCBB5 - Secured memory - MPCBB2 is applicable
2022-11-22 11:24:27,955 [INFO] Rule:225 - rule 117617 - U5Cobra4M][GTZC] default value MPCBB3 and MPCBB5 - Secured memory - MPCBB3 is applicable
2022-11-22 11:24:27,955 [INFO] Rule:225 - rule 117617 - U5Cobra4M][GTZC] default value MPCBB3 and MPCBB5 - Secured memory - MPCBB4 is applicable
2022-11-22 11:24:27,955 [INFO] Rule:225 - rule 117617 - U5Cobra4M][GTZC] default value MPCBB3 and MPCBB5 - Privileged memory - MPCBB1 is applicable
2022-11-22 11:24:27,955 [INFO] Rule:225 - rule 117617 - U5Cobra4M][GTZC] default value MPCBB3 and MPCBB5 - Privileged memory - MPCBB2 is applicable
2022-11-22 11:24:27,955 [INFO] Rule:225 - rule 117617 - U5Cobra4M][GTZC] default value MPCBB3 and MPCBB5 - Privileged memory - MPCBB3 is applicable
2022-11-22 11:24:27,955 [INFO] Rule:225 - rule 117617 - U5Cobra4M][GTZC] default value MPCBB3 and MPCBB5 - Privileged memory - MPCBB4 is applicable
2022-11-22 11:24:27,955 [INFO] Rule:225 - rule 117617 - U5Cobra4M][GTZC] default value MPCBB3 and MPCBB5 - Not Privileged memory - MPCBB1 is applicable
2022-11-22 11:24:27,955 [INFO] Rule:225 - rule 117617 - U5Cobra4M][GTZC] default value MPCBB3 and MPCBB5 - Not Privileged memory - MPCBB2 is applicable
2022-11-22 11:24:27,955 [INFO] Rule:225 - rule 117617 - U5Cobra4M][GTZC] default value MPCBB3 and MPCBB5 - Not Privileged memory - MPCBB3 is applicable
2022-11-22 11:24:27,955 [INFO] Rule:225 - rule 117617 - U5Cobra4M][GTZC] default value MPCBB3 and MPCBB5 - Not Privileged memory - MPCBB4 is applicable
2022-11-22 11:24:27,955 [INFO] Rule:225 - rule 117617 - U5Cobra4M][GTZC] default value MPCBB3 and MPCBB5 - Privileged memory - MPCBB1 is applicable
2022-11-22 11:24:27,955 [INFO] Rule:225 - rule 117617 - U5Cobra4M][GTZC] default value MPCBB3 and MPCBB5 - Privileged memory - MPCBB2 is applicable
2022-11-22 11:24:27,955 [INFO] Rule:225 - rule 117617 - U5Cobra4M][GTZC] default value MPCBB3 and MPCBB5 - Privileged memory - MPCBB3 is applicable
2022-11-22 11:24:27,955 [INFO] Rule:225 - rule 117617 - U5Cobra4M][GTZC] default value MPCBB3 and MPCBB5 - Privileged memory - MPCBB4 is applicable
2022-11-22 11:24:27,955 [INFO] Rule:225 - rule 117617 - U5Cobra4M][GTZC] default value MPCBB3 and MPCBB5 - Privileged memory - MPCBB1 is applicable
2022-11-22 11:24:27,955 [INFO] Rule:225 - rule 117617 - U5Cobra4M][GTZC] default value MPCBB3 and MPCBB5 - Privileged memory - MPCBB2 is applicable
2022-11-22 11:24:27,955 [INFO] Rule:225 - rule 117617 - U5Cobra4M][GTZC] default value MPCBB3 and MPCBB5 - Privileged memory - MPCBB3 is applicable
2022-11-22 11:24:27,955 [INFO] Rule:225 - rule 117617 - U5Cobra4M][GTZC] default value MPCBB3 and MPCBB5 - Privileged memory - MPCBB4 is applicable
2022-11-22 11:24:27,955 [INFO] Rule:225 - rule 117617 - U5Cobra4M][GTZC] default value MPCBB3 and MPCBB5 - Not Privileged memory - MPCBB1 is applicable
2022-11-22 11:24:27,955 [INFO] Rule:225 - rule 117617 - U5Cobra4M][GTZC] default value MPCBB3 and MPCBB5 - Not Privileged memory - MPCBB2 is applicable
2022-11-22 11:24:27,955 [INFO] Rule:225 - rule 117617 - U5Cobra4M][GTZC] default value MPCBB3 and MPCBB5 - Not Privileged memory - MPCBB3 is applicable
2022-11-22 11:24:27,955 [INFO] Rule:225 - rule 117617 - U5Cobra4M][GTZC] default value MPCBB3 and MPCBB5 - Not Privileged memory - MPCBB4 is applicable
2022-11-22 11:24:27,955 [INFO] Rule:225 - rule 117617 - U5Cobra4M][GTZC] default value MPCBB3 and MPCBB5 - Privileged memory - MPCBB1 is applicable
2022-11-22 11:24:27,955 [INFO] Rule:225 - rule 117617 - U5Cobra4M][GTZC] default value MPCBB3 and MPCBB5 - Privileged memory - MPCBB2 is applicable
2022-11-22 11:24:27,955 [INFO] Rule:225 - rule 117617 - U5Cobra4M][GTZC] default value MPCBB3 and MPCBB5 - Privileged memory - MPCBB3 is applicable
2022-11-22 11:24:27,955 [INFO] Rule:225 - rule 117617 - U5Cobra4M][GTZC] default value MPCBB3 and MPCBB5 - Privileged memory - MPCBB4 is applicable
2022-11-22 11:24:27,955 [INFO] Rule:225 - rule Rename SubGHz_Phy SUBGHZ_APPLICATION SUBGHZ_PINGPONG to SUBGHZ_ADV_APPLICATION is applicable
2022-11-22 11:24:27,955 [INFO] Rule:225 - rule Rename Enabled to IBEACON is applicable
2022-11-22 11:24:27,955 [INFO] Rule:225 - rule GTZC_S instance for project manager is applicable
2022-11-22 11:24:27,955 [INFO] Rule:225 - rule GTZC_S instance for context M33S is applicable
2022-11-22 11:24:27,955 [INFO] Rule:225 - rule GTZC_S instance value for IP GTZC is applicable
2022-11-22 11:24:27,955 [INFO] Rule:225 - rule GTZC_S instance for mcu.IP is applicable
2022-11-22 11:24:27,955 [INFO] Rule:225 - rule GTZC_S instance for VP is applicable
2022-11-22 11:24:27,955 [INFO] Rule:225 - rule GTZC_S instance for signal is applicable
2022-11-22 11:24:27,955 [INFO] Rule:225 - rule GTZC_S instance for mcu.Pin is applicable
2022-11-22 11:24:27,955 [INFO] Rule:225 - rule GTZC_S instance for VP is applicable
2022-11-22 11:24:27,955 [INFO] Rule:225 - rule GTZC_S instance for signal is applicable
2022-11-22 11:24:27,955 [INFO] Rule:225 - rule GTZC_S instance for mcu is applicable
2022-11-22 11:24:27,955 [INFO] Rule:225 - rule GTZC_S instance for mcu.Pin is applicable
2022-11-22 11:24:27,955 [INFO] Rule:225 - rule GTZC_S instance value for IP GTZC is applicable
2022-11-22 11:24:27,955 [INFO] Rule:225 - rule GTZC_S instance for project manager is applicable
2022-11-22 11:24:27,955 [INFO] Rule:225 - rule GTZC_S instance for context M33S is applicable
2022-11-22 11:24:27,955 [INFO] Rule:225 - rule GTZC_S instance for VP is applicable
2022-11-22 11:24:27,955 [INFO] Rule:225 - rule GTZC_S instance for signal is applicable
2022-11-22 11:24:27,955 [INFO] Rule:225 - rule SPDIFRX instance for mcu is applicable
2022-11-22 11:24:27,955 [INFO] Rule:225 - rule Rename Tracer Mode is applicable
2022-11-22 11:24:27,955 [INFO] Rule:225 - rule SPDIFRX instance value for IP SPDIFRX is applicable
2022-11-22 11:24:27,955 [INFO] Rule:225 - rule SPDIFRX instance for signal is applicable
2022-11-22 11:24:27,955 [INFO] Rule:225 - rule SPDIFRX instance for project manager is applicable
2022-11-22 11:24:27,955 [INFO] Rule:225 - rule SPDIFRX instance for project manager is applicable
2022-11-22 11:24:27,955 [INFO] Rule:225 - rule ADC Scan  fix with FW F7 is applicable
2022-11-22 11:24:27,955 [INFO] Rule:225 - rule ADC Scan  fix with FW F7 is applicable
2022-11-22 11:24:27,955 [INFO] Rule:225 - rule UART/USART WORD LENGTH 7 is applicable
2022-11-22 11:24:27,955 [INFO] Rule:225 - rule UART/USART WORD LENGTH 8 is applicable
2022-11-22 11:24:27,955 [INFO] Rule:225 - rule UART/USART WORD LENGTH 9 is applicable
2022-11-22 11:24:27,955 [INFO] Rule:225 - rule Change Default Value for ADC Clock Prescaler G0 family is applicable
2022-11-22 11:24:27,955 [INFO] Rule:225 - rule ADC SamplingTime fix with FW L0  is applicable
2022-11-22 11:24:27,955 [INFO] Rule:225 - rule ADC SamplingTime fix with FW L0  is applicable
2022-11-22 11:24:27,955 [INFO] Rule:225 - rule ADC SamplingTime fix with FW L0 is applicable
2022-11-22 11:24:27,955 [INFO] Rule:225 - rule ADC SamplingTime fix with FW L0 is applicable
2022-11-22 11:24:27,955 [INFO] Rule:225 - rule ADC SamplingTime fix with FW L0  is applicable
2022-11-22 11:24:27,955 [INFO] Rule:225 - rule ADC SamplingTime fix with FW L0 is applicable
2022-11-22 11:24:27,955 [INFO] Rule:225 - rule Rename USB_OE Signal is applicable
2022-11-22 11:24:27,955 [INFO] Rule:225 - rule Rename Activate_OE Mode is applicable
2022-11-22 11:24:27,955 [INFO] Rule:225 - rule Rename DIE462/DIE415 pin PC14/OSC32_IN -> PC14-OSC32_IN (PC14) is applicable
2022-11-22 11:24:27,955 [INFO] Rule:225 - rule Rename DIE462/DIE415 pin PC15/OSC32_OUT -> PC15-OSC32_OUT (PC15) is applicable
2022-11-22 11:24:27,955 [INFO] Rule:225 - rule Rename DIE462/DIE415 pin PH0/OSC_IN -> PH0-OSC_IN (PH0) is applicable
2022-11-22 11:24:27,955 [INFO] Rule:225 - rule Rename DIE462/DIE415 pin PH1/OSC_OUT -> PH1-OSC_OUT (PH1) is applicable
2022-11-22 11:24:27,955 [INFO] Rule:225 - rule Rename DIE462 pin PA13 -> PA13 (JTMS/SWDIO) is applicable
2022-11-22 11:24:27,955 [INFO] Rule:225 - rule Rename DIE415 pin PA13 -> PA13 (JTMS/SWDIO) is applicable
2022-11-22 11:24:27,955 [INFO] Rule:225 - rule Rename DIE462 pin PA14 -> PA14 (JTCK/SWCLK) is applicable
2022-11-22 11:24:27,955 [INFO] Rule:225 - rule Rename DIE415 pin PA14 -> PA14 (JTCK/SWCLK) is applicable
2022-11-22 11:24:27,955 [INFO] Rule:225 - rule Rename DIE462/DIE415 pin PA15 -> PA15 (JTDI) is applicable
2022-11-22 11:24:27,955 [INFO] Rule:225 - rule Rename DIE462 pin PB3 -> PB3 (JTD0/TRACESWO) is applicable
2022-11-22 11:24:27,955 [INFO] Rule:225 - rule Rename DIE415 pin PB3 -> PB3 (JTD0-TRACESWO) is applicable
2022-11-22 11:24:27,955 [INFO] Rule:225 - rule Rename DIE462/DIE415 pin PB4 -> PB4 (NJTRST) is applicable
2022-11-22 11:24:27,955 [INFO] Rule:225 - rule Rename DIE462 pin PH3/BOOT0 -> PH3-BOOT0 (BOOT0) is applicable
2022-11-22 11:24:27,955 [INFO] Rule:225 - rule Rename CRYP DataEncryptionTypesList to Algorithm is applicable
2022-11-22 11:24:27,955 [INFO] Rule:225 - rule Rename AES DataEncryptionTypesList to Algorithm is applicable
2022-11-22 11:24:27,955 [INFO] Rule:225 - rule Rename TDESECB to CRYP_TDES_ECB is applicable
2022-11-22 11:24:27,955 [INFO] Rule:225 - rule Rename TDESCBC to CRYP_TDES_CBC is applicable
2022-11-22 11:24:27,955 [INFO] Rule:225 - rule Rename DESECB to CRYP_DES_ECB is applicable
2022-11-22 11:24:27,955 [INFO] Rule:225 - rule Rename DESCBC to CRYP_DES_CBC is applicable
2022-11-22 11:24:27,955 [INFO] Rule:225 - rule Rename AESECB to CRYP_AES_ECB is applicable
2022-11-22 11:24:27,955 [INFO] Rule:225 - rule Rename AESCBC to CRYP_AES_CBC is applicable
2022-11-22 11:24:27,955 [INFO] Rule:225 - rule Rename AESCTR to CRYP_AES_CTR is applicable
2022-11-22 11:24:27,955 [INFO] Rule:225 - rule Rename AESGCM to CRYP_AES_GCM is applicable
2022-11-22 11:24:27,955 [INFO] Rule:225 - rule Rename AESCCM to CRYP_AES_CCM is applicable
2022-11-22 11:24:27,955 [INFO] Rule:225 - rule Rename CAN TimeSeg1 to BS1 is applicable
2022-11-22 11:24:27,955 [INFO] Rule:225 - rule Rename CAN TimeSeg2 to BS2 is applicable
2022-11-22 11:24:27,955 [INFO] Rule:225 - rule Rename CAN SyncJumpWidth to SJW is applicable
2022-11-22 11:24:27,955 [INFO] Rule:225 - rule TimeTriggeredMode to TTCM is applicable
2022-11-22 11:24:27,955 [INFO] Rule:225 - rule Rename CAN AutoBusOff to ABOM is applicable
2022-11-22 11:24:27,955 [INFO] Rule:225 - rule Rename CAN AutoWakeUp to AWUM is applicable
2022-11-22 11:24:27,955 [INFO] Rule:225 - rule Rename CAN AutoRetransmission to NART is applicable
2022-11-22 11:24:27,955 [INFO] Rule:225 - rule Rename CAN ReceiveFifoLocked to RFLM is applicable
2022-11-22 11:24:27,955 [INFO] Rule:225 - rule Rename CAN TransmitFifoPriority to TXFP is applicable
2022-11-22 11:24:27,955 [INFO] Rule:225 - rule Rename HRTIMER HRTIM_OUTPUTFAULTLEVEL_HIGH in HRTIMER HRTIM_OUTPUTFAULTLEVEL_HIGHZ is applicable
2022-11-22 11:24:27,955 [INFO] Rule:225 - rule Rename TIMER TIM_CLEARINPUTSOURCE_OCREFCLR in  TIMER TIM_CLEARINPUTSOURCE_NONE for F7 family is applicable
2022-11-22 11:24:27,955 [INFO] Rule:225 - rule FDCAN_R1 - Rename FDCAN mode Master into Classic is applicable
2022-11-22 11:24:27,955 [INFO] Rule:225 - rule FDCAN_R2 - Rename FDCAN mode Slave into Classic is applicable
2022-11-22 11:24:27,955 [INFO] Rule:225 - rule FDCAN1_R3 - if PA10.Mode=FullDuplex, add Pin PA12 is applicable
2022-11-22 11:24:27,955 [INFO] Rule:225 - rule FDCAN1_R3 - if PA9.Mode=FullDuplex, add Pin PA11 is applicable
2022-11-22 11:24:27,955 [INFO] Rule:225 - rule FDCAN1_R3 - Alternatepin_1 - if PE1.Mode=FullDuplex, add Pin PB9 is applicable
2022-11-22 11:24:27,955 [INFO] Rule:225 - rule FDCAN1_R3 - Alternatepin_1 - if PE0.Mode=FullDuplex, add Pin PB8 is applicable
2022-11-22 11:24:27,955 [INFO] Rule:225 - rule FDCAN1_R3 - Alternatepin_2 - if PD5.Mode=FullDuplex, add Pin PD1 is applicable
2022-11-22 11:24:27,955 [INFO] Rule:225 - rule FDCAN1_R3 - Alternatepin_2 - if PD4.Mode=FullDuplex, add Pin PD0 is applicable
2022-11-22 11:24:27,955 [INFO] Rule:225 - rule FDCAN1_R4 - Rename Mode FullDuplex into Enable FDCAN_TXFD for pin PA10 is applicable
2022-11-22 11:24:27,955 [INFO] Rule:225 - rule FDCAN1_R4 - Rename Mode FullDuplex into Enable FDCAN_TXFD for pin PA9 is applicable
2022-11-22 11:24:27,955 [INFO] Rule:225 - rule FDCAN1_R4 - Alternatepin_1 - Rename Mode FullDuplex into Enable FDCAN_TXFD for pin PE1 is applicable
2022-11-22 11:24:27,955 [INFO] Rule:225 - rule FDCAN1_R4 - Alternatepin_1 - Rename Mode FullDuplex into Enable FDCAN_TXFD for pin PE0 is applicable
2022-11-22 11:24:27,955 [INFO] Rule:225 - rule FDCAN1_R4 - Alternatepin_2 - Rename Mode FullDuplex into Enable FDCAN_TXFD for pin PD5 is applicable
2022-11-22 11:24:27,955 [INFO] Rule:225 - rule FDCAN1_R4 - Alternatepin_2 - Rename Mode FullDuplex into Enable FDCAN_TXFD for pin PD4 is applicable
2022-11-22 11:24:27,955 [INFO] Rule:225 - rule FDCAN2_R3 - if PD10.Mode=FullDuplex, add Pin PB13 is applicable
2022-11-22 11:24:27,955 [INFO] Rule:225 - rule FDCAN2_R3 - if PD9.Mode=FullDuplex, add Pin PB12 is applicable
2022-11-22 11:24:27,955 [INFO] Rule:225 - rule FDCAN2_R3 - Alternatepin_1 - if PB7.Mode=FullDuplex, add Pin PB6 is applicable
2022-11-22 11:24:27,955 [INFO] Rule:225 - rule FDCAN2_R3 - Alternatepin_1 - if PD9.Mode=FullDuplex, add Pin PB12 is applicable
2022-11-22 11:24:27,955 [INFO] Rule:225 - rule FDCAN2_R4 - Rename Mode FullDuplex into Enable FDCAN_TXFD for pin PD10 is applicable
2022-11-22 11:24:27,955 [INFO] Rule:225 - rule FDCAN2_R4 - Rename Mode FullDuplex into Enable FDCAN_TXFD for pin PD9 is applicable
2022-11-22 11:24:27,955 [INFO] Rule:225 - rule FDCAN2_R4 - Alternatepin_1 - Rename Mode FullDuplex into Enable FDCAN_TXFD for pin PB7 is applicable
2022-11-22 11:24:27,955 [INFO] Rule:225 - rule FDCAN2_R4 - Alternatepin_1 - Rename Mode FullDuplex into Enable FDCAN_TXFD for pin PD6 is applicable
2022-11-22 11:24:27,955 [INFO] Rule:225 - rule USART TxPinLevelInvertParam Mode is applicable
2022-11-22 11:24:27,955 [INFO] Rule:225 - rule USART RxPinLevelInvertParam Mode is applicable
2022-11-22 11:24:27,955 [INFO] Rule:225 - rule USART DataInvertParam Mode is applicable
2022-11-22 11:24:27,955 [INFO] Rule:225 - rule USART SwapParam Mode is applicable
2022-11-22 11:24:27,955 [INFO] Rule:225 - rule USART OverrunDisableParam Mode is applicable
2022-11-22 11:24:27,955 [INFO] Rule:225 - rule USART DMADisableonRxErrorParam Mode is applicable
2022-11-22 11:24:27,955 [INFO] Rule:225 - rule USART MSBFirstParam Mode is applicable
2022-11-22 11:24:27,955 [INFO] Rule:225 - rule Update MwName for USB_DEVICE is applicable
2022-11-22 11:24:27,955 [INFO] Rule:225 - rule Change PWR_Regulator_Voltage_Scale Default Value for RCC  H7 family is applicable
2022-11-22 11:24:27,955 [INFO] Rule:225 - rule UART/USART IPParameter rename Prescaler parameter to ClockPrescaler is applicable
2022-11-22 11:24:27,970 [INFO] Rule:225 - rule UART/USART Prescaler rename Prescaler parameter to ClockPrescaler is applicable
2022-11-22 11:24:27,970 [INFO] Rule:225 - rule TIM1CLockSelection is applicable
2022-11-22 11:24:27,970 [INFO] Rule:225 - rule TIM15CLockSelection is applicable
2022-11-22 11:24:27,970 [INFO] Rule:225 - rule align RCC SDMMC3CLockSelection default value on MP1 is applicable
2022-11-22 11:24:27,970 [INFO] Rule:225 - rule align RCC SDMMC12CLockSelection default value on MP1 is applicable
2022-11-22 11:24:27,970 [INFO] Rule:225 - rule align RCC QSPICLockSelection default value on MP1 is applicable
2022-11-22 11:24:27,970 [INFO] Rule:225 - rule align RCC QSPICLockSelection default value on MP1 is applicable
2022-11-22 11:24:27,970 [INFO] Rule:225 - rule align RCC SPI6CLockSelection default value on MP1 is applicable
2022-11-22 11:24:27,970 [INFO] Rule:225 - rule align RCC LPTIM23CLockSelection default value on MP1 is applicable
2022-11-22 11:24:27,970 [INFO] Rule:225 - rule align RCC LPTIM1CLockSelection default value on MP1 is applicable
2022-11-22 11:24:27,970 [INFO] Rule:225 - rule align RCC USART1CLockSelection default value on MP1 is applicable
2022-11-22 11:24:27,970 [INFO] Rule:225 - rule align RCC USART24CLockSelection default value on MP1 is applicable
2022-11-22 11:24:27,970 [INFO] Rule:225 - rule align RCC USART6CLockSelection default value on MP1 is applicable
2022-11-22 11:24:27,970 [INFO] Rule:225 - rule align RCC UART78CLockSelection default value on MP1 is applicable
2022-11-22 11:24:27,970 [INFO] Rule:225 - rule align RCC USART35CLockSelection default value on MP1 is applicable
2022-11-22 11:24:27,970 [INFO] Rule:225 - rule align RCC SPI45CLockSelection default value on MP1 is applicable
2022-11-22 11:24:27,970 [INFO] Rule:225 - rule align RCC I2C46CLockSelection BCLK value on MP1 is applicable
2022-11-22 11:24:27,970 [INFO] Rule:225 - rule align RCC SPI45CLockSelection default value on MP1 is applicable
2022-11-22 11:24:27,970 [INFO] Rule:225 - rule align RCC I2C12CLockSelection default value on MP1 is applicable
2022-11-22 11:24:27,970 [INFO] Rule:225 - rule align RCC I2C35CLockSelection default value on MP1 is applicable
2022-11-22 11:24:27,970 [INFO] Rule:225 - rule align RCC LPTIM45CLockSelection default value on MP1 is applicable
2022-11-22 11:24:27,970 [INFO] Rule:225 - rule Rename DCMI PIXCK signal is applicable
2022-11-22 11:24:27,970 [INFO] Rule:225 - rule Change Default Value for I2C46CLockSelection MP1 family is applicable
2022-11-22 11:24:27,970 [INFO] Rule:225 - rule Change Default Value for UART for G4, G0 and WB families is applicable
2022-11-22 11:24:27,970 [INFO] Rule:225 - rule Change Default Value for USART for G4, G0 and WB families is applicable
2022-11-22 11:24:27,970 [INFO] Rule:225 - rule Change Default Value for USART for G4 family is applicable
2022-11-22 11:24:27,970 [INFO] Rule:225 - rule Change USART1CLockSelection refparam name for MP1 is applicable
2022-11-22 11:24:27,970 [INFO] Rule:225 - rule Change USART2CLockSelection refparam name for MP1 is applicable
2022-11-22 11:24:27,970 [INFO] Rule:225 - rule Change USART3CLockSelection refparam name for MP1 is applicable
2022-11-22 11:24:27,970 [INFO] Rule:225 - rule Change UART4CLockSelection refparam name for MP1 is applicable
2022-11-22 11:24:27,970 [INFO] Rule:225 - rule Change UART5CLockSelection refparam name for MP1 is applicable
2022-11-22 11:24:27,970 [INFO] Rule:225 - rule Change LPUART1CLockSelection refparam name for MP1 is applicable
2022-11-22 11:24:27,970 [INFO] Rule:225 - rule Change LPTIM1CLockSelection refparam name for MP1 is applicable
2022-11-22 11:24:27,970 [INFO] Rule:225 - rule Change LPTIM2CLockSelection refparam name for MP1 is applicable
2022-11-22 11:24:27,970 [INFO] Rule:225 - rule Change RCC_MCO1Source refparam name for MP1 is applicable
2022-11-22 11:24:27,970 [INFO] Rule:225 - rule Change LSCOSource1 refparam name for MP1 is applicable
2022-11-22 11:24:27,970 [INFO] Rule:225 - rule Change SMPSCLockSelection refparam name for MP1 is applicable
2022-11-22 11:24:27,970 [INFO] Rule:225 - rule Change LPTIM3CLockSelection refparam name for MP1 is applicable
2022-11-22 11:24:27,970 [INFO] Rule:225 - rule Change MPCBB* Default Template Mode to Parameters is applicable
2022-11-22 11:24:27,970 [INFO] Rule:225 - rule Change MPCWM* or MPCBB* Secure Mode to Parameters is applicable
2022-11-22 11:24:27,970 [INFO] Rule:225 - rule Change MPCWM* or MPCBB* No Secure Mode to Parameters is applicable
2022-11-22 11:24:27,970 [INFO] Rule:225 - rule Change TZSC IP Secure Mode to Parameters is applicable
2022-11-22 11:24:27,970 [INFO] Rule:225 - rule Change TZSC IP No Secure Mode to Parameters is applicable
2022-11-22 11:24:27,970 [INFO] Rule:225 - rule Change TZSC IP Privilege Mode to Parameters is applicable
2022-11-22 11:24:27,970 [INFO] Rule:225 - rule Change TZSC IP No Privilege Mode to Parameters is applicable
2022-11-22 11:24:27,970 [INFO] Rule:225 - rule Change TZIC IT Secure Mode to Parameters is applicable
2022-11-22 11:24:27,970 [INFO] Rule:225 - rule Change TZIC IT No Secure Mode to Parameters is applicable
2022-11-22 11:24:27,970 [INFO] Rule:225 - rule Add MPCBB1_NonSecureArea_Start_Address value with referenced to MPCBB1_NonSecureArea_Start value is applicable
2022-11-22 11:24:27,970 [INFO] Rule:225 - rule Add MPCBB2_NonSecureArea_Start_Address value with referenced to MPCBB2_NonSecureArea_Start value is applicable
2022-11-22 11:24:27,970 [INFO] Rule:225 - rule Add MPCWM1_NonSecureArea*_Start_Address value with referenced to MPCWM1_NonSecureArea*_Start value is applicable
2022-11-22 11:24:27,970 [INFO] Rule:225 - rule Add MPCWM2_NonSecureArea*_Start_Address value with referenced to MPCWM2_NonSecureArea*_Start value is applicable
2022-11-22 11:24:27,970 [INFO] Rule:225 - rule Add MPCWM3_NonSecureArea_Start_Address value with referenced to MPCWM3_NonSecureArea_Start value is applicable
2022-11-22 11:24:27,970 [INFO] Rule:225 - rule Change Default Value for PLL1UserDefinedConfig is applicable
2022-11-22 11:24:27,970 [INFO] Rule:225 - rule Change GPIO_PuPd Default Value for USART in async mode is applicable
2022-11-22 11:24:27,970 [INFO] Rule:225 - rule Change SMPSDivider Default Value is applicable
2022-11-22 11:24:27,970 [INFO] Rule:225 - rule OPAMP is applicable
2022-11-22 11:24:27,970 [INFO] Rule:225 - rule LPUART IPParameter rename Prescaler parameter to ClockPrescaler for STM32H7 is applicable
2022-11-22 11:24:27,970 [INFO] Rule:225 - rule LPUART IPParameter rename Prescaler parameter to ClockPrescaler for STM32H7 is applicable
2022-11-22 11:24:27,970 [INFO] Rule:225 - rule LPUART IPParameter rename Prescaler parameter to ClockPrescaler for STM32WB is applicable
2022-11-22 11:24:27,970 [INFO] Rule:225 - rule LPUART IPParameter rename Prescaler parameter to ClockPrescaler for STM32WB is applicable
2022-11-22 11:24:27,970 [INFO] Rule:225 - rule LPUART IPParameter rename Prescaler parameter to ClockPrescaler for STM32G4 is applicable
2022-11-22 11:24:27,970 [INFO] Rule:225 - rule LPUART IPParameter rename Prescaler parameter to ClockPrescaler for STM32G4 is applicable
2022-11-22 11:24:27,970 [INFO] Rule:225 - rule LPUART IPParameter rename Prescaler parameter to ClockPrescaler for STM32L5 is applicable
2022-11-22 11:24:27,970 [INFO] Rule:225 - rule LPUART IPParameter rename Prescaler parameter to ClockPrescaler for STM32L5 is applicable
2022-11-22 11:24:27,970 [INFO] Rule:225 - rule LPUART IPParameter rename Prescaler parameter to ClockPrescaler for STM32G4 is applicable
2022-11-22 11:24:27,970 [INFO] Rule:225 - rule LPUART IPParameter rename Prescaler parameter to ClockPrescaler for STM32G4 is applicable
2022-11-22 11:24:27,970 [INFO] Rule:225 - rule USB device lib V2.5.3 for L0 rename USBD_SUPPORT_USER_STRING parameter to USBD_SUPPORT_USER_STRING_DESC4 is applicable
2022-11-22 11:24:27,970 [INFO] Rule:225 - rule I2SCLockSelection clock entry align is applicable
2022-11-22 11:24:27,970 [INFO] Rule:225 - rule Assign TIMx context if used as SYS timebase is applicable
2022-11-22 11:24:27,970 [INFO] Rule:225 - rule Change GPIO_Pu Default Value for I2C is applicable
2022-11-22 11:24:27,970 [INFO] Rule:225 - rule Change GPIO_Pu Default Value for SMBus is applicable
2022-11-22 11:24:27,970 [INFO] Rule:225 - rule change FDCAN default value is applicable
2022-11-22 11:24:27,970 [INFO] Rule:225 - rule Change mode sai is applicable
2022-11-22 11:24:27,970 [INFO] Rule:225 - rule **Change sai mode is applicable
2022-11-22 11:24:28,001 [INFO] DbConfProperties:305 - Apply Compatibility (34/215 Rules)
2022-11-22 11:24:28,017 [INFO] ImportTextPane:193 - (OptionalMessage_ERROR) Unable to find key (Mcu.ThirdPartyNb) in loaded IOC file
2022-11-22 11:24:28,111 [WARN] ApiManager:308 - Cannot register API 'Board Extension:GNSS1A1' from pack STMicroelectronics.X-CUBE-GNSS1.6.0.0: no header file found
2022-11-22 11:24:28,111 [WARN] ApiManager:308 - Cannot register API 'Board Support:Custom' from pack STMicroelectronics.X-CUBE-GNSS1.6.0.0: no header file found
2022-11-22 11:24:28,111 [WARN] ApiManager:308 - Cannot register API 'Data Exchange:lib_gnss' from pack STMicroelectronics.X-CUBE-GNSS1.6.0.0: no header file found
2022-11-22 11:24:28,345 [WARN] ApiManager:308 - Cannot register API 'Board Extension:IKS01A3' from pack STMicroelectronics.X-CUBE-MEMS1.9.2.0: no header file found
2022-11-22 11:24:28,345 [WARN] ApiManager:308 - Cannot register API 'Board Extension:IKS01A2' from pack STMicroelectronics.X-CUBE-MEMS1.9.2.0: no header file found
2022-11-22 11:24:28,345 [WARN] ApiManager:308 - Cannot register API 'Board Extension:IKS02A1' from pack STMicroelectronics.X-CUBE-MEMS1.9.2.0: no header file found
2022-11-22 11:24:28,345 [WARN] ApiManager:308 - Cannot register API 'Wireless:BlueNRG-MS' from pack STMicroelectronics.X-CUBE-BLE1.6.2.3: no header file found
2022-11-22 11:24:28,361 [INFO] RtosManager:488 - Registered RTOS mode: class=CMSIS, group=RTOS, mode=CMSIS_V1, owner=FREERTOS
2022-11-22 11:24:28,361 [INFO] RtosManager:488 - Registered RTOS mode: class=CMSIS, group=RTOS2, mode=CMSIS_V2, owner=FREERTOS
2022-11-22 11:24:28,361 [INFO] RtosManager:488 - Registered RTOS mode: class=RTOS, group=Core, mode=CMSIS_V1, owner=FREERTOS
2022-11-22 11:24:28,361 [INFO] RtosManager:488 - Registered RTOS mode: class=RTOS, group=Core, mode=CMSIS_V2, owner=FREERTOS
2022-11-22 11:24:28,361 [WARN] ModelIntegratedComponent:185 - Missing modes for component STMicroelectronics:FreeRTOS:0.0.1:STMicroelectronics:RTOS:FreeRTOS:Core:::10.2.0:
2022-11-22 11:24:28,361 [WARN] ApiManager:308 - Cannot register API 'Board Extension:S2868A1' from pack STMicroelectronics.X-CUBE-SUBG2.5.0.0: no header file found
2022-11-22 11:24:28,361 [WARN] ApiManager:308 - Cannot register API 'Board Extension:S2868A2' from pack STMicroelectronics.X-CUBE-SUBG2.5.0.0: no header file found
2022-11-22 11:24:28,361 [WARN] ApiManager:308 - Cannot register API 'Board Extension:S2915A1' from pack STMicroelectronics.X-CUBE-SUBG2.5.0.0: no header file found
2022-11-22 11:24:28,361 [WARN] ApiManager:308 - Cannot register API 'Board Extension:NFC04A1' from pack STMicroelectronics.X-CUBE-NFC4.2.0.5: no header file found
2022-11-22 11:24:28,376 [WARN] ApiManager:308 - Cannot register API 'Board Extension:NFC04A1' from pack STMicroelectronics.X-CUBE-NFC4.2.0.4: no header file found
2022-11-22 11:24:28,376 [WARN] ModelIntegratedComponent:64 - No mode defined for component null
2022-11-22 11:24:28,376 [WARN] ModelIntegratedComponent:64 - No mode defined for component null
2022-11-22 11:24:28,376 [WARN] ModelIntegratedComponent:64 - No mode defined for component null
2022-11-22 11:24:28,376 [WARN] ModelIntegratedComponent:64 - No mode defined for component null
2022-11-22 11:24:28,376 [WARN] ModelIntegratedComponent:64 - No mode defined for component null
2022-11-22 11:24:28,376 [WARN] ModelIntegratedComponent:64 - No mode defined for component null
2022-11-22 11:24:28,376 [WARN] ModelIntegratedComponent:64 - No mode defined for component null
2022-11-22 11:24:28,376 [WARN] ModelIntegratedComponent:64 - No mode defined for component null
2022-11-22 11:24:28,376 [WARN] ModelIntegratedComponent:64 - No mode defined for component null
2022-11-22 11:24:28,376 [WARN] ModelIntegratedComponent:64 - No mode defined for component null
2022-11-22 11:24:28,376 [WARN] ModelIntegratedComponent:64 - No mode defined for component null
2022-11-22 11:24:28,376 [WARN] ModelIntegratedComponent:64 - No mode defined for component null
2022-11-22 11:24:28,376 [WARN] ModelIntegratedComponent:64 - No mode defined for component null
2022-11-22 11:24:28,376 [WARN] ModelIntegratedComponent:64 - No mode defined for component null
2022-11-22 11:24:28,376 [WARN] ModelIntegratedComponent:64 - No mode defined for component null
2022-11-22 11:24:28,376 [WARN] ModelIntegratedComponent:64 - No mode defined for component null
2022-11-22 11:24:28,376 [WARN] ModelIntegratedComponent:64 - No mode defined for component null
2022-11-22 11:24:28,376 [WARN] ModelIntegratedComponent:64 - No mode defined for component null
2022-11-22 11:24:28,376 [WARN] ModelIntegratedComponent:64 - No mode defined for component null
2022-11-22 11:24:28,376 [WARN] ModelIntegratedComponent:64 - No mode defined for component null
2022-11-22 11:24:28,376 [WARN] ModelIntegratedComponent:64 - No mode defined for component null
2022-11-22 11:24:28,376 [WARN] ModelIntegratedComponent:64 - No mode defined for component null
2022-11-22 11:24:28,376 [WARN] ModelIntegratedComponent:64 - No mode defined for component null
2022-11-22 11:24:28,376 [WARN] ModelIntegratedComponent:64 - No mode defined for component null
2022-11-22 11:24:28,376 [WARN] ModelIntegratedComponent:64 - No mode defined for component null
2022-11-22 11:24:28,376 [WARN] ModelIntegratedComponent:64 - No mode defined for component null
2022-11-22 11:24:28,376 [WARN] ModelIntegratedComponent:64 - No mode defined for component null
2022-11-22 11:24:28,376 [WARN] ModelIntegratedComponent:64 - No mode defined for component null
2022-11-22 11:24:28,376 [WARN] ModelIntegratedComponent:64 - No mode defined for component null
2022-11-22 11:24:28,376 [WARN] ModelIntegratedComponent:64 - No mode defined for component null
2022-11-22 11:24:28,376 [WARN] ModelIntegratedComponent:64 - No mode defined for component null
2022-11-22 11:24:28,376 [WARN] ModelIntegratedComponent:64 - No mode defined for component null
2022-11-22 11:24:28,376 [WARN] ModelIntegratedComponent:64 - No mode defined for component null
2022-11-22 11:24:28,392 [WARN] ApiManager:308 - Cannot register API 'Board Extension:NFC07A1' from pack STMicroelectronics.X-CUBE-NFC7.1.0.0: no header file found
2022-11-22 11:24:28,454 [WARN] ApiManager:308 - Cannot register API 'Board Extension:IKS01A3' from pack STMicroelectronics.X-CUBE-MEMS1.9.3.0: no header file found
2022-11-22 11:24:28,454 [WARN] ApiManager:308 - Cannot register API 'Board Extension:IKS01A2' from pack STMicroelectronics.X-CUBE-MEMS1.9.3.0: no header file found
2022-11-22 11:24:28,454 [WARN] ApiManager:308 - Cannot register API 'Board Extension:IKS02A1' from pack STMicroelectronics.X-CUBE-MEMS1.9.3.0: no header file found
2022-11-22 11:24:28,470 [WARN] ApiManager:308 - Cannot register API 'Board Extension:EEPRMA1' from pack STMicroelectronics.X-CUBE-EEPRMA1.3.1.1: no header file found
2022-11-22 11:24:28,470 [WARN] ApiManager:308 - Cannot register API 'Board Extension:EEPRMA2' from pack STMicroelectronics.X-CUBE-EEPRMA1.3.1.1: no header file found
2022-11-22 11:24:28,470 [WARN] ApiManager:308 - Cannot register API 'Board Extension:S2868A1' from pack STMicroelectronics.X-CUBE-SFXS2LP1.4.0.0: no header file found
2022-11-22 11:24:28,470 [WARN] ApiManager:308 - Cannot register API 'Board Extension:S2868A2' from pack STMicroelectronics.X-CUBE-SFXS2LP1.4.0.0: no header file found
2022-11-22 11:24:28,470 [WARN] ApiManager:308 - Cannot register API 'Board Extension:S2915A1' from pack STMicroelectronics.X-CUBE-SFXS2LP1.4.0.0: no header file found
2022-11-22 11:24:28,470 [WARN] ApiManager:308 - Cannot register API 'Wireless:BlueNRG-2' from pack STMicroelectronics.X-CUBE-BLE2.3.3.0: no header file found
2022-11-22 11:24:28,486 [INFO] ThirdPartyModel:289 - Start build external matchings
2022-11-22 11:24:28,986 [INFO] ThirdPartyModel:302 - End build external matchings
2022-11-22 11:24:29,314 [INFO] UtilMem:74 - End LoadConfig() Used Memory: 619996808 Bytes (737148928)
2022-11-22 11:24:29,329 [WARN] ThirdParty:789 - waiting for thirdparty lock release [change project]
2022-11-22 11:24:29,329 [INFO] ThirdParty:791 - entering critical section [change project]
2022-11-22 11:24:29,329 [INFO] ThirdParty:981 - CMSIS Pack Vendor :STMicroelectronics X-CUBE-ISPU 1.1.0
2022-11-22 11:24:29,345 [INFO] ThirdParty:981 - CMSIS Pack Vendor :RoweBots I-CUBE-UNISONRTOS 5.5.0-4
2022-11-22 11:24:29,345 [INFO] ThirdParty:981 - CMSIS Pack Vendor :STMicroelectronics X-CUBE-GNSS1 6.0.0
2022-11-22 11:24:29,345 [INFO] ThirdParty:981 - CMSIS Pack Vendor :STMicroelectronics X-CUBE-AZRTOS-H7 2.1.0
2022-11-22 11:24:29,345 [INFO] ThirdParty:981 - CMSIS Pack Vendor :STMicroelectronics USB_HOST 2.0.0
2022-11-22 11:24:29,345 [INFO] ThirdParty:981 - CMSIS Pack Vendor :STMicroelectronics X-CUBE-AZRTOS-F4 1.1.0
2022-11-22 11:24:29,345 [INFO] ThirdParty:981 - CMSIS Pack Vendor :STMicroelectronics LIBJPEG 8.0.0
2022-11-22 11:24:29,345 [INFO] ThirdParty:981 - CMSIS Pack Vendor :wolfSSL I-CUBE-wolfSSL 5.4.0
2022-11-22 11:24:29,345 [INFO] ThirdParty:981 - CMSIS Pack Vendor :STMicroelectronics USB_DEVICE 3.0.0
2022-11-22 11:24:29,345 [INFO] ThirdParty:981 - CMSIS Pack Vendor :STMicroelectronics X-CUBE-BLEMGR 1.0.0
2022-11-22 11:24:29,345 [INFO] ThirdParty:981 - CMSIS Pack Vendor :STMicroelectronics X-CUBE-MEMS1 9.2.0
2022-11-22 11:24:29,345 [INFO] ThirdParty:981 - CMSIS Pack Vendor :STMicroelectronics X-CUBE-BLEMGR 1.2.0
2022-11-22 11:24:29,345 [INFO] ThirdParty:981 - CMSIS Pack Vendor :STMicroelectronics X-CUBE-AZRTOS-F7 1.1.0
2022-11-22 11:24:29,345 [INFO] ThirdParty:981 - CMSIS Pack Vendor :STMicroelectronics USB_DEVICE 2.0.0
2022-11-22 11:24:29,345 [INFO] ThirdParty:981 - CMSIS Pack Vendor :STMicroelectronics X-CUBE-AI 7.3.0
2022-11-22 11:24:29,345 [INFO] ThirdParty:981 - CMSIS Pack Vendor :STMicroelectronics X-CUBE-BLE1 6.2.3
2022-11-22 11:24:29,345 [INFO] ThirdParty:981 - CMSIS Pack Vendor :STMicroelectronics X-CUBE-ALGOBUILD 1.3.0
2022-11-22 11:24:29,345 [INFO] ThirdParty:981 - CMSIS Pack Vendor :STMicroelectronics FreeRTOS 0.0.1
2022-11-22 11:24:29,345 [INFO] ThirdParty:981 - CMSIS Pack Vendor :STMicroelectronics X-CUBE-AZRTOS-G0 1.1.0
2022-11-22 11:24:29,345 [INFO] ThirdParty:981 - CMSIS Pack Vendor :STMicroelectronics X-CUBE-SUBG2 5.0.0
2022-11-22 11:24:29,345 [INFO] ThirdParty:981 - CMSIS Pack Vendor :SEGGER I-CUBE-embOS 1.2.0
2022-11-22 11:24:29,345 [INFO] ThirdParty:981 - CMSIS Pack Vendor :STMicroelectronics STM32_WPAN 1.0.0
2022-11-22 11:24:29,345 [INFO] ThirdParty:981 - CMSIS Pack Vendor :STMicroelectronics lwIP 2.0.3
2022-11-22 11:24:29,345 [INFO] ThirdParty:981 - CMSIS Pack Vendor :STMicroelectronics X-CUBE-NFC4 2.0.5
2022-11-22 11:24:29,345 [INFO] ThirdParty:981 - CMSIS Pack Vendor :STMicroelectronics X-CUBE-NFC4 2.0.4
2022-11-22 11:24:29,345 [INFO] ThirdParty:981 - CMSIS Pack Vendor :STMicroelectronics USB_HOST 1.0.0
2022-11-22 11:24:29,345 [INFO] ThirdParty:981 - CMSIS Pack Vendor :STMicroelectronics PDM2PCM 3.1.0
2022-11-22 11:24:29,345 [INFO] ThirdParty:981 - CMSIS Pack Vendor :STMicroelectronics FP-ATR-ASTRA1 1.1.1
2022-11-22 11:24:29,345 [INFO] ThirdParty:981 - CMSIS Pack Vendor :STMicroelectronics PDM2PCM 3.3.0
2022-11-22 11:24:29,345 [INFO] ThirdParty:981 - CMSIS Pack Vendor :STMicroelectronics X-CUBE-TOF1 3.1.0
2022-11-22 11:24:29,345 [INFO] ThirdParty:981 - CMSIS Pack Vendor :STMicroelectronics FP-ATR-ASTRA1 1.1.0
2022-11-22 11:24:29,345 [INFO] ThirdParty:981 - CMSIS Pack Vendor :STMicroelectronics X-CUBE-AZRTOS-F4 1.0.0
2022-11-22 11:24:29,345 [INFO] ThirdParty:981 - CMSIS Pack Vendor :STMicroelectronics X-CUBE-AZRTOS-G4 1.0.0
2022-11-22 11:24:29,345 [INFO] ThirdParty:981 - CMSIS Pack Vendor :STMicroelectronics FP-ATR-SIGFOX1 3.2.0
2022-11-22 11:24:29,345 [INFO] ThirdParty:981 - CMSIS Pack Vendor :STMicroelectronics X-CUBE-AZRTOS-L4 1.0.0
2022-11-22 11:24:29,345 [INFO] ThirdParty:981 - CMSIS Pack Vendor :STMicroelectronics HAL Drivers 0.0.0
2022-11-22 11:24:29,345 [INFO] ThirdParty:981 - CMSIS Pack Vendor :STMicroelectronics MBEDTLS 2.16.2
2022-11-22 11:24:29,345 [INFO] ThirdParty:981 - CMSIS Pack Vendor :emotas I-CUBE-CANOPEN 1.1.2
2022-11-22 11:24:29,345 [INFO] ThirdParty:981 - CMSIS Pack Vendor :STMicroelectronics X-CUBE-TOUCHGFX 4.20.0
2022-11-22 11:24:29,345 [INFO] ThirdParty:981 - CMSIS Pack Vendor :STMicroelectronics MBEDTLS 2.14.1
2022-11-22 11:24:29,345 [INFO] ThirdParty:981 - CMSIS Pack Vendor :STMicroelectronics X-CUBE-NFC7 1.0.0
2022-11-22 11:24:29,345 [INFO] ThirdParty:981 - CMSIS Pack Vendor :STMicroelectronics X-CUBE-AZRTOS-WL 1.0.0
2022-11-22 11:24:29,345 [INFO] ThirdParty:981 - CMSIS Pack Vendor :STMicroelectronics X-CUBE-MEMS1 9.3.0
2022-11-22 11:24:29,345 [INFO] ThirdParty:981 - CMSIS Pack Vendor :portGmbH I-Cube-SoM-uGOAL 1.1.0
2022-11-22 11:24:29,345 [INFO] ThirdParty:981 - CMSIS Pack Vendor :STMicroelectronics X-CUBE-ALS 1.0.1
2022-11-22 11:24:29,345 [INFO] ThirdParty:981 - CMSIS Pack Vendor :STMicroelectronics X-CUBE-AI 7.2.0
2022-11-22 11:24:29,345 [INFO] ThirdParty:981 - CMSIS Pack Vendor :STMicroelectronics ThreadX 1.0.0
2022-11-22 11:24:29,345 [INFO] ThirdParty:981 - CMSIS Pack Vendor :STMicroelectronics X-CUBE-AZRTOS-L5 1.0.0
2022-11-22 11:24:29,345 [INFO] ThirdParty:981 - CMSIS Pack Vendor :STMicroelectronics USB_DEVICE 1.0.0
2022-11-22 11:24:29,345 [INFO] ThirdParty:981 - CMSIS Pack Vendor :STMicroelectronics X-CUBE-EEPRMA1 3.1.1
2022-11-22 11:24:29,345 [INFO] ThirdParty:981 - CMSIS Pack Vendor :STMicroelectronics ThreadX 0.0.2
2022-11-22 11:24:29,345 [INFO] ThirdParty:981 - CMSIS Pack Vendor :STMicroelectronics lwIP 2.1.2
2022-11-22 11:24:29,345 [INFO] ThirdParty:981 - CMSIS Pack Vendor :STMicroelectronics X-CUBE-SFXS2LP1 4.0.0
2022-11-22 11:24:29,345 [INFO] ThirdParty:981 - CMSIS Pack Vendor :STMicroelectronics X-CUBE-BLE2 3.3.0
2022-11-22 11:24:29,345 [INFO] ThirdParty:981 - CMSIS Pack Vendor :STMicroelectronics X-CUBE-DISPLAY 2.2.0
2022-11-22 11:24:29,345 [INFO] ThirdParty:981 - CMSIS Pack Vendor :STMicroelectronics X-CUBE-TOF1 3.2.0
2022-11-22 11:24:29,345 [INFO] ThirdParty:981 - CMSIS Pack Vendor :STMicroelectronics PDM2PCM 3.2.0
2022-11-22 11:24:29,345 [INFO] ThirdParty:981 - CMSIS Pack Vendor :STMicroelectronics X-CUBE-ISPU 1.0.0
2022-11-22 11:24:29,345 [INFO] ThirdParty:797 - exiting critical section [change project]
2022-11-22 11:24:29,829 [INFO] PinOutPanel:1468 - setPackage(No Configuration,No Configuration)
2022-11-22 11:24:29,829 [INFO] PinOutPanel:1468 - setPackage(STM32F407VGTx,LQFP100)
2022-11-22 11:24:30,329 [INFO] UtilMem:74 - Before build in PCC Used Memory: 593787408 Bytes (737148928)
2022-11-22 11:24:31,313 [INFO] UtilMem:74 - After build in PCC Used Memory: 652091976 Bytes (737148928)
2022-11-22 11:24:31,344 [INFO] IPUIPlugin:79 - create IPUIPlugin
2022-11-22 11:24:31,344 [INFO] IPUIPlugin:79 - create IPUIPlugin
2022-11-22 11:24:31,344 [INFO] IPUIPlugin:79 - create IPUIPlugin
2022-11-22 11:24:31,344 [INFO] IPUIPlugin:79 - create IPUIPlugin
2022-11-22 11:24:31,344 [INFO] IPUIPlugin:79 - create IPUIPlugin
2022-11-22 11:24:31,344 [INFO] IPUIPlugin:79 - create IPUIPlugin
2022-11-22 11:24:31,344 [INFO] IPUIPlugin:79 - create IPUIPlugin
2022-11-22 11:24:31,344 [INFO] IPUIPlugin:79 - create IPUIPlugin
2022-11-22 11:24:31,344 [INFO] IPUIPlugin:79 - create IPUIPlugin
2022-11-22 11:24:31,360 [INFO] IPUIPlugin:79 - create IPUIPlugin
2022-11-22 11:24:31,360 [INFO] IPUIPlugin:79 - create IPUIPlugin
2022-11-22 11:24:31,360 [INFO] IPUIPlugin:79 - create IPUIPlugin
2022-11-22 11:24:31,360 [INFO] IPUIPlugin:79 - create IPUIPlugin
2022-11-22 11:24:31,360 [INFO] IPUIPlugin:79 - create IPUIPlugin
2022-11-22 11:24:31,360 [INFO] IPUIPlugin:79 - create IPUIPlugin
2022-11-22 11:24:31,360 [INFO] IPUIPlugin:79 - create IPUIPlugin
2022-11-22 11:24:31,360 [INFO] IPUIPlugin:79 - create IPUIPlugin
2022-11-22 11:24:31,360 [INFO] IPUIPlugin:79 - create IPUIPlugin
2022-11-22 11:24:31,360 [INFO] IPUIPlugin:79 - create IPUIPlugin
2022-11-22 11:24:31,360 [INFO] IPUIPlugin:79 - create IPUIPlugin
2022-11-22 11:24:31,360 [INFO] IPUIPlugin:79 - create IPUIPlugin
2022-11-22 11:24:31,360 [INFO] IPUIPlugin:79 - create IPUIPlugin
2022-11-22 11:24:31,360 [INFO] IPUIPlugin:79 - create IPUIPlugin
2022-11-22 11:24:31,360 [INFO] IPUIPlugin:79 - create IPUIPlugin
2022-11-22 11:24:31,360 [INFO] IPUIPlugin:79 - create IPUIPlugin
2022-11-22 11:24:31,360 [INFO] IPUIPlugin:79 - create IPUIPlugin
2022-11-22 11:24:31,360 [INFO] IPUIPlugin:79 - create IPUIPlugin
2022-11-22 11:24:31,360 [INFO] IPUIPlugin:79 - create IPUIPlugin
2022-11-22 11:24:31,360 [INFO] IPUIPlugin:79 - create IPUIPlugin
2022-11-22 11:24:31,360 [INFO] IPUIPlugin:79 - create IPUIPlugin
2022-11-22 11:24:31,360 [INFO] IPUIPlugin:79 - create IPUIPlugin
2022-11-22 11:24:31,360 [INFO] IPUIPlugin:79 - create IPUIPlugin
2022-11-22 11:24:31,360 [INFO] IPUIPlugin:79 - create IPUIPlugin
2022-11-22 11:24:31,360 [INFO] IPUIPlugin:79 - create IPUIPlugin
2022-11-22 11:24:31,360 [INFO] IPUIPlugin:79 - create IPUIPlugin
2022-11-22 11:24:31,360 [INFO] IPUIPlugin:79 - create IPUIPlugin
2022-11-22 11:24:31,360 [INFO] IPUIPlugin:79 - create IPUIPlugin
2022-11-22 11:24:31,360 [INFO] IPUIPlugin:79 - create IPUIPlugin
2022-11-22 11:24:31,360 [INFO] IPUIPlugin:79 - create IPUIPlugin
2022-11-22 11:24:31,376 [INFO] IPUIPlugin:79 - create IPUIPlugin
2022-11-22 11:24:31,376 [INFO] IPUIPlugin:79 - create IPUIPlugin
2022-11-22 11:24:31,376 [INFO] IPUIPlugin:79 - create IPUIPlugin
2022-11-22 11:24:31,376 [INFO] IPUIPlugin:79 - create IPUIPlugin
2022-11-22 11:24:31,376 [INFO] IPUIPlugin:79 - create IPUIPlugin
2022-11-22 11:24:31,376 [INFO] IPUIPlugin:79 - create IPUIPlugin
2022-11-22 11:24:31,376 [INFO] IPUIPlugin:79 - create IPUIPlugin
2022-11-22 11:24:31,376 [INFO] IPUIPlugin:79 - create IPUIPlugin
2022-11-22 11:24:31,376 [INFO] IPUIPlugin:79 - create IPUIPlugin
2022-11-22 11:24:31,376 [INFO] IPUIPlugin:79 - create IPUIPlugin
2022-11-22 11:24:31,376 [INFO] IPUIPlugin:79 - create IPUIPlugin
2022-11-22 11:24:31,376 [INFO] IPUIPlugin:79 - create IPUIPlugin
2022-11-22 11:24:31,376 [INFO] IPUIPlugin:79 - create IPUIPlugin
2022-11-22 11:24:31,376 [INFO] IPUIPlugin:79 - create IPUIPlugin
2022-11-22 11:24:31,376 [INFO] IPUIPlugin:79 - create IPUIPlugin
2022-11-22 11:24:31,391 [INFO] IPUIPlugin:79 - create IPUIPlugin
2022-11-22 11:24:31,391 [INFO] IPUIPlugin:79 - create IPUIPlugin
2022-11-22 11:24:31,391 [INFO] IPUIPlugin:79 - create IPUIPlugin
2022-11-22 11:24:31,391 [INFO] IPUIPlugin:79 - create IPUIPlugin
2022-11-22 11:24:31,438 [INFO] ApiDbMcu:505 - Load IP Config File for PDM2PCM
2022-11-22 11:24:31,751 [INFO] OpenFileManager:327 - Restore cursor
2022-11-22 11:24:32,313 [INFO] UtilMem:74 - End SaveConfig() Used Memory: 596963896 Bytes (737148928)
2022-11-22 11:24:32,407 [INFO] UtilMem:74 - End SaveConfig() Used Memory: 616879432 Bytes (737148928)
2022-11-22 11:24:32,891 [INFO] BlockDiagram:2753 - set Specific Code input for plugin: SYS
2022-11-22 11:24:32,891 [INFO] BlockDiagram:2753 - set Specific Code input for plugin: RCC
2022-11-22 11:24:32,891 [INFO] BlockDiagram:2753 - set Specific Code input for plugin: NVIC
2022-11-22 11:24:32,891 [INFO] BlockDiagram:2753 - set Specific Code input for plugin: GPIO
2022-11-22 11:24:32,891 [INFO] CodeGenerator:690 - code generatio: config db path: C:\ST\STM32CubeIDE_1.10.1\STM32CubeIDE\plugins\com.st.stm32cube.common.mx_6.6.1.202207061420\\db\
2022-11-22 11:24:33,375 [INFO] CodeEngine:245 - oldGeneratedFile, E:\workspace\FreeRtos\FreeRtos_Projects\MXTmpFiles\license.tmp_save
2022-11-22 11:24:33,906 [INFO] CodeEngine:269 - Generated code: E:\workspace\FreeRtos\FreeRtos_Projects\MXTmpFiles\license.tmp
2022-11-22 11:24:34,031 [INFO] CodeEngine:245 - oldGeneratedFile, E:\workspace\FreeRtos\FreeRtos_Projects\MXTmpFiles\gpio.tmp_save
2022-11-22 11:24:34,250 [INFO] CodeEngine:269 - Generated code: E:\workspace\FreeRtos\FreeRtos_Projects\MXTmpFiles\gpio.tmp
2022-11-22 11:24:34,297 [INFO] CodeEngine:245 - oldGeneratedFile, E:\workspace\FreeRtos\FreeRtos_Projects\Core\Src\stm32f4xx_it.c_save
2022-11-22 11:24:34,437 [INFO] CodeEngine:269 - Generated code: E:\workspace\FreeRtos\FreeRtos_Projects\Core\Src\stm32f4xx_it.c
2022-11-22 11:24:34,453 [INFO] CodeEngine:245 - oldGeneratedFile, E:\workspace\FreeRtos\FreeRtos_Projects\Core\Inc\stm32f4xx_it.h_save
2022-11-22 11:24:34,531 [INFO] CodeEngine:269 - Generated code: E:\workspace\FreeRtos\FreeRtos_Projects\Core\Inc\stm32f4xx_it.h
2022-11-22 11:24:34,531 [INFO] CodeEngine:245 - oldGeneratedFile, E:\workspace\FreeRtos\FreeRtos_Projects\Core\Src\stm32f4xx_hal_msp.c_save
2022-11-22 11:24:34,703 [INFO] CodeEngine:269 - Generated code: E:\workspace\FreeRtos\FreeRtos_Projects\Core\Src\stm32f4xx_hal_msp.c
2022-11-22 11:24:34,719 [INFO] CodeEngine:245 - oldGeneratedFile, E:\workspace\FreeRtos\FreeRtos_Projects\MXTmpFiles\system.tmp_save
2022-11-22 11:24:34,812 [INFO] CodeEngine:269 - Generated code: E:\workspace\FreeRtos\FreeRtos_Projects\MXTmpFiles\system.tmp
2022-11-22 11:24:34,828 [INFO] CodeEngine:245 - oldGeneratedFile, E:\workspace\FreeRtos\FreeRtos_Projects\Core\Inc\stm32f4xx_hal_conf.h_save
2022-11-22 11:24:34,969 [INFO] CodeEngine:269 - Generated code: E:\workspace\FreeRtos\FreeRtos_Projects\Core\Inc\stm32f4xx_hal_conf.h
2022-11-22 11:24:35,031 [INFO] CodeEngine:245 - oldGeneratedFile, E:\workspace\FreeRtos\FreeRtos_Projects\Core\Inc\main.h_save
2022-11-22 11:24:35,203 [INFO] CodeEngine:269 - Generated code: E:\workspace\FreeRtos\FreeRtos_Projects\Core\Inc\main.h
2022-11-22 11:24:35,203 [INFO] CodeEngine:245 - oldGeneratedFile, E:\workspace\FreeRtos\FreeRtos_Projects\Core\Src\main.c_save
2022-11-22 11:24:35,437 [INFO] CodeEngine:269 - Generated code: E:\workspace\FreeRtos\FreeRtos_Projects\Core\Src\main.c
2022-11-22 11:24:36,437 [INFO] ProjectBuilder:2919 - Time for Copy HAL[1] : 250mS.
2022-11-22 11:24:36,453 [INFO] ProjectBuilder:4117 - Project Generator version: 3.17.1
2022-11-22 11:24:36,921 [INFO] ConfigFileManager:1394 - The Die is : DIE413
2022-11-22 11:24:36,921 [INFO] ApiDbMcu:505 - Load IP Config File for FATFS
2022-11-22 11:24:36,937 [INFO] ApiDbMcu:505 - Load IP Config File for FREERTOS
2022-11-22 11:24:36,937 [INFO] ApiDbMcu:505 - Load IP Config File for LIBJPEG
2022-11-22 11:24:36,952 [INFO] ApiDbMcu:505 - Load IP Config File for LWIP
2022-11-22 11:24:36,952 [INFO] ApiDbMcu:505 - Load IP Config File for MBEDTLS
2022-11-22 11:24:36,968 [INFO] ApiDbMcu:505 - Load IP Config File for USB_DEVICE
2022-11-22 11:24:36,968 [INFO] ApiDbMcu:505 - Load IP Config File for USB_HOST
2022-11-22 11:24:39,467 [INFO] ProjectBuilder:4285 - Time for Generating toolchain IDE Files: 3014mS.
2022-11-22 11:24:39,467 [INFO] ProjectBuilder:2790 - Time for Copy CMSIS : 0mS.
2022-11-22 11:24:39,467 [INFO] ProjectBuilder:2790 - Time for Copy CMSIS : 0mS.
2022-11-22 11:24:40,311 [INFO] McuFinderGlobals:57 - Set McuFinderConnectedMode to true
2022-11-22 11:24:40,311 [INFO] ApiDb:443 - Save user favorites file C:\Users\rowad/.stm32cubeide/favorites.mcus.txt: 0 item(s)
2022-11-22 11:24:40,311 [INFO] ApiDb:447 - User favorites MCUs=[]
2022-11-22 11:24:40,311 [INFO] ApiDb:443 - Save user favorites file C:\Users\rowad/.stm32cubeide/favorites.boards.txt: 0 item(s)
2022-11-22 11:24:40,311 [INFO] ApiDb:447 - User favorites Boards=[]
2022-11-22 12:50:18,537 [INFO] UtilMem:74 - End SaveConfig() Used Memory: 492973616 Bytes (933232640)
2022-11-22 12:50:19,576 [INFO] UtilMem:74 - End SaveConfig() Used Memory: 513945136 Bytes (933232640)
2022-11-22 12:50:20,955 [INFO] UtilMem:74 - End SaveConfig() Used Memory: 553315904 Bytes (933232640)
2022-11-22 12:50:21,205 [INFO] BlockDiagram:2753 - set Specific Code input for plugin: SYS
2022-11-22 12:50:21,205 [INFO] BlockDiagram:2753 - set Specific Code input for plugin: RCC
2022-11-22 12:50:21,205 [INFO] BlockDiagram:2753 - set Specific Code input for plugin: NVIC
2022-11-22 12:50:21,205 [INFO] BlockDiagram:2753 - set Specific Code input for plugin: GPIO
2022-11-22 12:50:21,205 [INFO] CodeGenerator:690 - code generatio: config db path: C:\ST\STM32CubeIDE_1.10.1\STM32CubeIDE\plugins\com.st.stm32cube.common.mx_6.6.1.202207061420\\db\
2022-11-22 12:50:21,505 [INFO] CodeEngine:245 - oldGeneratedFile, E:\workspace\FreeRtos\FreeRtos_Projects\MXTmpFiles\license.tmp_save
2022-11-22 12:50:21,655 [INFO] CodeEngine:269 - Generated code: E:\workspace\FreeRtos\FreeRtos_Projects\MXTmpFiles\license.tmp
2022-11-22 12:50:21,725 [INFO] CodeEngine:245 - oldGeneratedFile, E:\workspace\FreeRtos\FreeRtos_Projects\MXTmpFiles\gpio.tmp_save
2022-11-22 12:50:21,825 [INFO] CodeEngine:269 - Generated code: E:\workspace\FreeRtos\FreeRtos_Projects\MXTmpFiles\gpio.tmp
2022-11-22 12:50:21,885 [INFO] CodeEngine:245 - oldGeneratedFile, E:\workspace\FreeRtos\FreeRtos_Projects\Core\Src\stm32f4xx_it.c_save
2022-11-22 12:50:21,990 [INFO] CodeEngine:269 - Generated code: E:\workspace\FreeRtos\FreeRtos_Projects\Core\Src\stm32f4xx_it.c
2022-11-22 12:50:21,995 [INFO] CodeEngine:245 - oldGeneratedFile, E:\workspace\FreeRtos\FreeRtos_Projects\Core\Inc\stm32f4xx_it.h_save
2022-11-22 12:50:22,065 [INFO] CodeEngine:269 - Generated code: E:\workspace\FreeRtos\FreeRtos_Projects\Core\Inc\stm32f4xx_it.h
2022-11-22 12:50:22,090 [INFO] CodeEngine:245 - oldGeneratedFile, E:\workspace\FreeRtos\FreeRtos_Projects\Core\Src\stm32f4xx_hal_msp.c_save
2022-11-22 12:50:22,205 [INFO] CodeEngine:269 - Generated code: E:\workspace\FreeRtos\FreeRtos_Projects\Core\Src\stm32f4xx_hal_msp.c
2022-11-22 12:50:22,215 [INFO] CodeEngine:245 - oldGeneratedFile, E:\workspace\FreeRtos\FreeRtos_Projects\MXTmpFiles\system.tmp_save
2022-11-22 12:50:22,265 [INFO] CodeEngine:269 - Generated code: E:\workspace\FreeRtos\FreeRtos_Projects\MXTmpFiles\system.tmp
2022-11-22 12:50:22,285 [INFO] CodeEngine:245 - oldGeneratedFile, E:\workspace\FreeRtos\FreeRtos_Projects\Core\Inc\stm32f4xx_hal_conf.h_save
2022-11-22 12:50:22,375 [INFO] CodeEngine:269 - Generated code: E:\workspace\FreeRtos\FreeRtos_Projects\Core\Inc\stm32f4xx_hal_conf.h
2022-11-22 12:50:22,425 [INFO] CodeEngine:245 - oldGeneratedFile, E:\workspace\FreeRtos\FreeRtos_Projects\Core\Inc\main.h_save
2022-11-22 12:50:22,510 [INFO] CodeEngine:269 - Generated code: E:\workspace\FreeRtos\FreeRtos_Projects\Core\Inc\main.h
2022-11-22 12:50:22,525 [INFO] CodeEngine:245 - oldGeneratedFile, E:\workspace\FreeRtos\FreeRtos_Projects\Core\Src\main.c_save
2022-11-22 12:50:22,625 [INFO] CodeEngine:269 - Generated code: E:\workspace\FreeRtos\FreeRtos_Projects\Core\Src\main.c
2022-11-22 12:50:23,325 [INFO] ProjectBuilder:2919 - Time for Copy HAL[1] : 236mS.
2022-11-22 12:50:23,325 [INFO] ProjectBuilder:4117 - Project Generator version: 3.17.1
2022-11-22 12:50:23,518 [INFO] ConfigFileManager:1394 - The Die is : DIE413
2022-11-22 12:50:24,915 [INFO] ProjectBuilder:4285 - Time for Generating toolchain IDE Files: 1590mS.
2022-11-22 12:50:24,915 [INFO] ProjectBuilder:2790 - Time for Copy CMSIS : 0mS.
2022-11-22 12:50:24,915 [INFO] ProjectBuilder:2790 - Time for Copy CMSIS : 0mS.
2022-11-22 12:55:38,545 [INFO] UtilMem:74 - End SaveConfig() Used Memory: 530586648 Bytes (933232640)
2022-11-22 12:55:39,337 [INFO] UtilMem:74 - End SaveConfig() Used Memory: 552080408 Bytes (933232640)
2022-11-22 12:55:40,633 [INFO] UtilMem:74 - End SaveConfig() Used Memory: 589306904 Bytes (933232640)
2022-11-22 12:55:40,883 [INFO] BlockDiagram:2753 - set Specific Code input for plugin: SYS
2022-11-22 12:55:40,883 [INFO] BlockDiagram:2753 - set Specific Code input for plugin: RCC
2022-11-22 12:55:40,883 [INFO] BlockDiagram:2753 - set Specific Code input for plugin: NVIC
2022-11-22 12:55:40,883 [INFO] BlockDiagram:2753 - set Specific Code input for plugin: GPIO
2022-11-22 12:55:40,883 [INFO] CodeGenerator:690 - code generatio: config db path: C:\ST\STM32CubeIDE_1.10.1\STM32CubeIDE\plugins\com.st.stm32cube.common.mx_6.6.1.202207061420\\db\
2022-11-22 12:55:41,153 [INFO] CodeEngine:245 - oldGeneratedFile, E:\workspace\FreeRtos\FreeRtos_Projects\MXTmpFiles\license.tmp_save
2022-11-22 12:55:41,229 [INFO] CodeEngine:269 - Generated code: E:\workspace\FreeRtos\FreeRtos_Projects\MXTmpFiles\license.tmp
2022-11-22 12:55:41,283 [INFO] CodeEngine:245 - oldGeneratedFile, E:\workspace\FreeRtos\FreeRtos_Projects\MXTmpFiles\gpio.tmp_save
2022-11-22 12:55:41,388 [INFO] CodeEngine:269 - Generated code: E:\workspace\FreeRtos\FreeRtos_Projects\MXTmpFiles\gpio.tmp
2022-11-22 12:55:41,448 [INFO] CodeEngine:245 - oldGeneratedFile, E:\workspace\FreeRtos\FreeRtos_Projects\Core\Src\stm32f4xx_it.c_save
2022-11-22 12:55:41,563 [INFO] CodeEngine:269 - Generated code: E:\workspace\FreeRtos\FreeRtos_Projects\Core\Src\stm32f4xx_it.c
2022-11-22 12:55:41,563 [INFO] CodeEngine:245 - oldGeneratedFile, E:\workspace\FreeRtos\FreeRtos_Projects\Core\Inc\stm32f4xx_it.h_save
2022-11-22 12:55:41,648 [INFO] CodeEngine:269 - Generated code: E:\workspace\FreeRtos\FreeRtos_Projects\Core\Inc\stm32f4xx_it.h
2022-11-22 12:55:41,663 [INFO] CodeEngine:245 - oldGeneratedFile, E:\workspace\FreeRtos\FreeRtos_Projects\Core\Src\stm32f4xx_hal_msp.c_save
2022-11-22 12:55:41,768 [INFO] CodeEngine:269 - Generated code: E:\workspace\FreeRtos\FreeRtos_Projects\Core\Src\stm32f4xx_hal_msp.c
2022-11-22 12:55:41,768 [INFO] CodeEngine:245 - oldGeneratedFile, E:\workspace\FreeRtos\FreeRtos_Projects\MXTmpFiles\system.tmp_save
2022-11-22 12:55:41,818 [INFO] CodeEngine:269 - Generated code: E:\workspace\FreeRtos\FreeRtos_Projects\MXTmpFiles\system.tmp
2022-11-22 12:55:41,828 [INFO] CodeEngine:245 - oldGeneratedFile, E:\workspace\FreeRtos\FreeRtos_Projects\Core\Src\stm32f4xx_hal_timebase_tim.c_save
2022-11-22 12:55:41,898 [INFO] CodeEngine:269 - Generated code: E:\workspace\FreeRtos\FreeRtos_Projects\Core\Src\stm32f4xx_hal_timebase_tim.c
2022-11-22 12:55:41,908 [INFO] CodeEngine:245 - oldGeneratedFile, E:\workspace\FreeRtos\FreeRtos_Projects\Core\Inc\stm32f4xx_hal_conf.h_save
2022-11-22 12:55:41,989 [INFO] CodeEngine:269 - Generated code: E:\workspace\FreeRtos\FreeRtos_Projects\Core\Inc\stm32f4xx_hal_conf.h
2022-11-22 12:55:42,022 [INFO] CodeEngine:245 - oldGeneratedFile, E:\workspace\FreeRtos\FreeRtos_Projects\Core\Inc\main.h_save
2022-11-22 12:55:42,100 [INFO] CodeEngine:269 - Generated code: E:\workspace\FreeRtos\FreeRtos_Projects\Core\Inc\main.h
2022-11-22 12:55:42,108 [INFO] CodeEngine:245 - oldGeneratedFile, E:\workspace\FreeRtos\FreeRtos_Projects\Core\Src\main.c_save
2022-11-22 12:55:42,208 [INFO] CodeEngine:269 - Generated code: E:\workspace\FreeRtos\FreeRtos_Projects\Core\Src\main.c
2022-11-22 12:55:42,718 [INFO] ProjectBuilder:2919 - Time for Copy HAL[1] : 195mS.
2022-11-22 12:55:42,718 [INFO] ProjectBuilder:4117 - Project Generator version: 3.17.1
2022-11-22 12:55:43,080 [INFO] ConfigFileManager:1394 - The Die is : DIE413
2022-11-22 12:55:44,043 [INFO] ProjectBuilder:4285 - Time for Generating toolchain IDE Files: 1325mS.
2022-11-22 12:55:44,048 [INFO] ProjectBuilder:2790 - Time for Copy CMSIS : 5mS.
2022-11-22 12:55:44,048 [INFO] ProjectBuilder:2790 - Time for Copy CMSIS : 0mS.
2022-11-23 11:38:59,968 [INFO] Activator:177 - 


2022-11-23 11:38:59,968 [INFO] Activator:178 - !SESSION log4j initialized
2022-11-23 11:39:48,800 [ERROR] LogOutputStream:74 - [STDERR_REDIRECT] SLF4J: Failed to load class "org.slf4j.impl.StaticLoggerBinder".
2022-11-23 11:39:48,800 [ERROR] LogOutputStream:74 - [STDERR_REDIRECT] SLF4J: Defaulting to no-operation (NOP) logger implementation
2022-11-23 11:39:48,800 [ERROR] LogOutputStream:74 - [STDERR_REDIRECT] SLF4J: See http://www.slf4j.org/codes.html#StaticLoggerBinder for further details.
2022-11-24 16:08:01,657 [INFO] Activator:177 - 


2022-11-24 16:08:01,657 [INFO] Activator:178 - !SESSION log4j initialized
2022-11-24 16:08:44,961 [ERROR] LogOutputStream:74 - [STDERR_REDIRECT] SLF4J: Failed to load class "org.slf4j.impl.StaticLoggerBinder".
2022-11-24 16:08:44,961 [ERROR] LogOutputStream:74 - [STDERR_REDIRECT] SLF4J: Defaulting to no-operation (NOP) logger implementation
2022-11-24 16:08:44,961 [ERROR] LogOutputStream:74 - [STDERR_REDIRECT] SLF4J: See http://www.slf4j.org/codes.html#StaticLoggerBinder for further details.
2022-11-30 09:59:54,566 [INFO] Activator:177 - 


2022-11-30 09:59:54,566 [INFO] Activator:178 - !SESSION log4j initialized
2022-11-30 10:00:38,067 [ERROR] LogOutputStream:74 - [STDERR_REDIRECT] SLF4J: Failed to load class "org.slf4j.impl.StaticLoggerBinder".
2022-11-30 10:00:38,067 [ERROR] LogOutputStream:74 - [STDERR_REDIRECT] SLF4J: Defaulting to no-operation (NOP) logger implementation
2022-11-30 10:00:38,067 [ERROR] LogOutputStream:74 - [STDERR_REDIRECT] SLF4J: See http://www.slf4j.org/codes.html#StaticLoggerBinder for further details.
2022-11-30 11:10:24,306 [INFO] Activator:177 - 


2022-11-30 11:10:24,306 [INFO] Activator:178 - !SESSION log4j initialized
2022-11-30 11:11:06,665 [ERROR] LogOutputStream:74 - [STDERR_REDIRECT] SLF4J: Failed to load class "org.slf4j.impl.StaticLoggerBinder".
2022-11-30 11:11:06,665 [ERROR] LogOutputStream:74 - [STDERR_REDIRECT] SLF4J: Defaulting to no-operation (NOP) logger implementation
2022-11-30 11:11:06,665 [ERROR] LogOutputStream:74 - [STDERR_REDIRECT] SLF4J: See http://www.slf4j.org/codes.html#StaticLoggerBinder for further details.
2022-11-30 15:46:47,270 [INFO] LogOutputStream:76 - [STDOUT_REDIRECT] StartTraceHandler.execute(), success : Collect=true
2022-11-30 15:47:44,226 [INFO] LogOutputStream:76 - [STDOUT_REDIRECT] StartTraceHandler.execute(), success : Collect=false
2022-11-30 15:47:46,023 [INFO] LogOutputStream:76 - [STDOUT_REDIRECT] StartTraceHandler.execute(), success : Collect=true
2022-12-01 09:58:53,499 [INFO] Activator:177 - 


2022-12-01 09:58:53,506 [INFO] Activator:178 - !SESSION log4j initialized
2022-12-01 09:59:38,797 [ERROR] LogOutputStream:74 - [STDERR_REDIRECT] SLF4J: Failed to load class "org.slf4j.impl.StaticLoggerBinder".
2022-12-01 09:59:38,798 [ERROR] LogOutputStream:74 - [STDERR_REDIRECT] SLF4J: Defaulting to no-operation (NOP) logger implementation
2022-12-01 09:59:38,799 [ERROR] LogOutputStream:74 - [STDERR_REDIRECT] SLF4J: See http://www.slf4j.org/codes.html#StaticLoggerBinder for further details.
